2022-07-13 17:34:52,512 - DEBUG - Listening ...
2022-07-13 17:34:52,513 - DEBUG - Converted retries value: 3 -> Retry(total=3, connect=None, read=None, redirect=0, status=None)
2022-07-13 17:34:52,513 - DEBUG - Starting new HTTPS connection (1): api.telegram.org:443
2022-07-13 17:35:15,424 - DEBUG - https://api.telegram.org:443 "POST /bot5594170891:AAG_N8HeA8Yxv1zlpWD445fKTkNUqsbBNMo/getUpdates HTTP/1.1" 200 23
2022-07-13 17:35:15,525 - DEBUG - Converted retries value: 3 -> Retry(total=3, connect=None, read=None, redirect=0, status=None)
2022-07-13 17:35:35,706 - DEBUG - https://api.telegram.org:443 "POST /bot5594170891:AAG_N8HeA8Yxv1zlpWD445fKTkNUqsbBNMo/getUpdates HTTP/1.1" 200 23
2022-07-13 17:35:35,807 - DEBUG - Converted retries value: 3 -> Retry(total=3, connect=None, read=None, redirect=0, status=None)
2022-07-13 17:35:36,863 - DEBUG - https://api.telegram.org:443 "POST /bot5594170891:AAG_N8HeA8Yxv1zlpWD445fKTkNUqsbBNMo/getUpdates HTTP/1.1" 200 368
2022-07-13 17:35:36,867 - DEBUG - Converted retries value: 3 -> Retry(total=3, connect=None, read=None, redirect=0, status=None)
2022-07-13 17:35:36,965 - DEBUG - Converted retries value: 3 -> Retry(total=3, connect=None, read=None, redirect=0, status=None)
2022-07-13 17:35:36,965 - DEBUG - Starting new HTTPS connection (2): api.telegram.org:443
2022-07-13 17:35:37,052 - DEBUG - https://api.telegram.org:443 "POST /bot5594170891:AAG_N8HeA8Yxv1zlpWD445fKTkNUqsbBNMo/sendMessage HTTP/1.1" 200 593
2022-07-13 17:35:37,052 - DEBUG - /start
2022-07-13 17:35:53,217 - DEBUG - https://api.telegram.org:443 "POST /bot5594170891:AAG_N8HeA8Yxv1zlpWD445fKTkNUqsbBNMo/getUpdates HTTP/1.1" 200 685
2022-07-13 17:35:53,217 - DEBUG - BQACAgIAAxkBAAMMYs7YSA8AAZaMh93VNRooeswrKA0fAALoGQAC3tJ5SgcCfCDoATYWKQQ
2022-07-13 17:35:53,218 - DEBUG - Doc was sent by...Oleg
2022-07-13 17:35:53,218 - DEBUG - Directory: dir_959676595_Oleg_2022-07-13_17-35-53
2022-07-13 17:35:53,218 - DEBUG - Directory is made... dir_959676595_Oleg_2022-07-13_17-35-53
2022-07-13 17:35:53,218 - DEBUG - Downloading file to dir_959676595_Oleg_2022-07-13_17-35-53/input_file_2022-07-13_17-35-53.pdf
2022-07-13 17:35:53,218 - DEBUG - Converted retries value: 3 -> Retry(total=3, connect=None, read=None, redirect=0, status=None)
2022-07-13 17:35:53,274 - DEBUG - https://api.telegram.org:443 "POST /bot5594170891:AAG_N8HeA8Yxv1zlpWD445fKTkNUqsbBNMo/getFile HTTP/1.1" 200 194
2022-07-13 17:35:53,275 - DEBUG - Converted retries value: 3 -> Retry(total=3, connect=None, read=None, redirect=0, status=None)
2022-07-13 17:35:53,275 - DEBUG - Starting new HTTPS connection (1): api.telegram.org:443
2022-07-13 17:35:53,318 - DEBUG - Converted retries value: 3 -> Retry(total=3, connect=None, read=None, redirect=0, status=None)
2022-07-13 17:35:53,715 - DEBUG - https://api.telegram.org:443 "GET /file/bot5594170891:AAG_N8HeA8Yxv1zlpWD445fKTkNUqsbBNMo/documents/file_0.pdf HTTP/1.1" 200 29392
2022-07-13 17:35:53,722 - DEBUG - Converted retries value: 3 -> Retry(total=3, connect=None, read=None, redirect=0, status=None)
2022-07-13 17:35:53,842 - DEBUG - https://api.telegram.org:443 "POST /bot5594170891:AAG_N8HeA8Yxv1zlpWD445fKTkNUqsbBNMo/sendMessage HTTP/1.1" 200 539
2022-07-13 17:36:13,390 - DEBUG - https://api.telegram.org:443 "POST /bot5594170891:AAG_N8HeA8Yxv1zlpWD445fKTkNUqsbBNMo/getUpdates HTTP/1.1" 200 23
2022-07-13 17:36:13,492 - DEBUG - Converted retries value: 3 -> Retry(total=3, connect=None, read=None, redirect=0, status=None)
2022-07-13 17:36:33,563 - DEBUG - https://api.telegram.org:443 "POST /bot5594170891:AAG_N8HeA8Yxv1zlpWD445fKTkNUqsbBNMo/getUpdates HTTP/1.1" 200 23
2022-07-13 17:36:33,664 - DEBUG - Converted retries value: 3 -> Retry(total=3, connect=None, read=None, redirect=0, status=None)
2022-07-13 17:36:53,735 - DEBUG - https://api.telegram.org:443 "POST /bot5594170891:AAG_N8HeA8Yxv1zlpWD445fKTkNUqsbBNMo/getUpdates HTTP/1.1" 200 23
2022-07-13 17:36:53,836 - DEBUG - Converted retries value: 3 -> Retry(total=3, connect=None, read=None, redirect=0, status=None)
2022-07-13 17:37:13,909 - DEBUG - https://api.telegram.org:443 "POST /bot5594170891:AAG_N8HeA8Yxv1zlpWD445fKTkNUqsbBNMo/getUpdates HTTP/1.1" 200 23
2022-07-13 17:37:14,010 - DEBUG - Converted retries value: 3 -> Retry(total=3, connect=None, read=None, redirect=0, status=None)
2022-07-13 17:37:34,082 - DEBUG - https://api.telegram.org:443 "POST /bot5594170891:AAG_N8HeA8Yxv1zlpWD445fKTkNUqsbBNMo/getUpdates HTTP/1.1" 200 23
2022-07-13 17:37:34,184 - DEBUG - Converted retries value: 3 -> Retry(total=3, connect=None, read=None, redirect=0, status=None)
2022-07-13 17:37:54,254 - DEBUG - https://api.telegram.org:443 "POST /bot5594170891:AAG_N8HeA8Yxv1zlpWD445fKTkNUqsbBNMo/getUpdates HTTP/1.1" 200 23
2022-07-13 17:37:54,355 - DEBUG - Converted retries value: 3 -> Retry(total=3, connect=None, read=None, redirect=0, status=None)
2022-07-13 17:38:14,428 - DEBUG - https://api.telegram.org:443 "POST /bot5594170891:AAG_N8HeA8Yxv1zlpWD445fKTkNUqsbBNMo/getUpdates HTTP/1.1" 200 23
2022-07-13 17:38:14,529 - DEBUG - Converted retries value: 3 -> Retry(total=3, connect=None, read=None, redirect=0, status=None)
2022-07-13 17:38:34,601 - DEBUG - https://api.telegram.org:443 "POST /bot5594170891:AAG_N8HeA8Yxv1zlpWD445fKTkNUqsbBNMo/getUpdates HTTP/1.1" 200 23
2022-07-13 17:38:34,702 - DEBUG - Converted retries value: 3 -> Retry(total=3, connect=None, read=None, redirect=0, status=None)
2022-07-13 17:38:54,774 - DEBUG - https://api.telegram.org:443 "POST /bot5594170891:AAG_N8HeA8Yxv1zlpWD445fKTkNUqsbBNMo/getUpdates HTTP/1.1" 200 23
2022-07-13 17:38:54,875 - DEBUG - Converted retries value: 3 -> Retry(total=3, connect=None, read=None, redirect=0, status=None)
2022-07-13 17:39:14,947 - DEBUG - https://api.telegram.org:443 "POST /bot5594170891:AAG_N8HeA8Yxv1zlpWD445fKTkNUqsbBNMo/getUpdates HTTP/1.1" 200 23
2022-07-13 17:39:15,048 - DEBUG - Converted retries value: 3 -> Retry(total=3, connect=None, read=None, redirect=0, status=None)
2022-07-13 17:39:35,119 - DEBUG - https://api.telegram.org:443 "POST /bot5594170891:AAG_N8HeA8Yxv1zlpWD445fKTkNUqsbBNMo/getUpdates HTTP/1.1" 200 23
2022-07-13 17:39:35,220 - DEBUG - Converted retries value: 3 -> Retry(total=3, connect=None, read=None, redirect=0, status=None)
2022-07-13 17:39:50,393 - DEBUG - Converted retries value: 3 -> Retry(total=3, connect=None, read=None, redirect=0, status=None)
2022-07-13 17:39:50,393 - DEBUG - Starting new HTTPS connection (1): api.telegram.org:443
2022-07-13 17:39:50,393 - DEBUG - Listening ...
2022-07-13 17:39:55,578 - DEBUG - https://api.telegram.org:443 "POST /bot5594170891:AAG_N8HeA8Yxv1zlpWD445fKTkNUqsbBNMo/getUpdates HTTP/1.1" 200 306
2022-07-13 17:39:55,580 - DEBUG - Converted retries value: 3 -> Retry(total=3, connect=None, read=None, redirect=0, status=None)
2022-07-13 17:39:55,679 - DEBUG - Converted retries value: 3 -> Retry(total=3, connect=None, read=None, redirect=0, status=None)
2022-07-13 17:39:55,679 - DEBUG - Starting new HTTPS connection (2): api.telegram.org:443
2022-07-13 17:39:55,707 - DEBUG - https://api.telegram.org:443 "POST /bot5594170891:AAG_N8HeA8Yxv1zlpWD445fKTkNUqsbBNMo/sendMessage HTTP/1.1" 200 593
2022-07-13 17:39:55,708 - DEBUG - jk
2022-07-13 17:39:59,492 - DEBUG - https://api.telegram.org:443 "POST /bot5594170891:AAG_N8HeA8Yxv1zlpWD445fKTkNUqsbBNMo/getUpdates HTTP/1.1" 200 682
2022-07-13 17:39:59,493 - DEBUG - BQACAgIAAxkBAAMQYs7ZP6zVE_ZGZMS-uMu8bth9cRUAAu4ZAALe0nlKl5vZLGFCBj8pBA
2022-07-13 17:39:59,493 - DEBUG - Doc was sent by...Oleg
2022-07-13 17:39:59,493 - DEBUG - Directory: dir_959676595_Oleg_2022-07-13_17-39-59
2022-07-13 17:39:59,494 - DEBUG - Directory is made... dir_959676595_Oleg_2022-07-13_17-39-59
2022-07-13 17:39:59,494 - DEBUG - Downloading file to dir_959676595_Oleg_2022-07-13_17-39-59/input_file_2022-07-13_17-39-59.pdf
2022-07-13 17:39:59,494 - DEBUG - Converted retries value: 3 -> Retry(total=3, connect=None, read=None, redirect=0, status=None)
2022-07-13 17:39:59,593 - DEBUG - Converted retries value: 3 -> Retry(total=3, connect=None, read=None, redirect=0, status=None)
2022-07-13 17:39:59,601 - DEBUG - https://api.telegram.org:443 "POST /bot5594170891:AAG_N8HeA8Yxv1zlpWD445fKTkNUqsbBNMo/getFile HTTP/1.1" 200 193
2022-07-13 17:39:59,602 - DEBUG - Converted retries value: 3 -> Retry(total=3, connect=None, read=None, redirect=0, status=None)
2022-07-13 17:39:59,602 - DEBUG - Starting new HTTPS connection (1): api.telegram.org:443
2022-07-13 17:39:59,795 - DEBUG - https://api.telegram.org:443 "GET /file/bot5594170891:AAG_N8HeA8Yxv1zlpWD445fKTkNUqsbBNMo/documents/file_1.pdf HTTP/1.1" 200 29392
2022-07-13 17:39:59,798 - DEBUG - Converted retries value: 3 -> Retry(total=3, connect=None, read=None, redirect=0, status=None)
2022-07-13 17:39:59,939 - DEBUG - https://api.telegram.org:443 "POST /bot5594170891:AAG_N8HeA8Yxv1zlpWD445fKTkNUqsbBNMo/sendMessage HTTP/1.1" 200 539
2022-07-13 17:39:59,945 - DEBUG - Converted retries value: 3 -> Retry(total=3, connect=None, read=None, redirect=0, status=None)
2022-07-13 17:40:00,123 - DEBUG - https://api.telegram.org:443 "POST /bot5594170891:AAG_N8HeA8Yxv1zlpWD445fKTkNUqsbBNMo/sendMessage HTTP/1.1" 200 383
2022-07-13 17:40:00,125 - DEBUG - ['text.txt']
2022-07-13 17:40:00,126 - DEBUG - Converted retries value: 3 -> Retry(total=3, connect=None, read=None, redirect=0, status=None)
2022-07-13 17:40:00,126 - DEBUG - Starting new HTTPS connection (1): api.telegram.org:443
2022-07-13 17:40:00,282 - DEBUG - https://api.telegram.org:443 "POST /bot5594170891:AAG_N8HeA8Yxv1zlpWD445fKTkNUqsbBNMo/sendDocument HTTP/1.1" 400 81
2022-07-13 17:40:19,664 - DEBUG - https://api.telegram.org:443 "POST /bot5594170891:AAG_N8HeA8Yxv1zlpWD445fKTkNUqsbBNMo/getUpdates HTTP/1.1" 200 23
2022-07-13 17:40:19,765 - DEBUG - Converted retries value: 3 -> Retry(total=3, connect=None, read=None, redirect=0, status=None)
2022-07-13 17:40:39,817 - DEBUG - https://api.telegram.org:443 "POST /bot5594170891:AAG_N8HeA8Yxv1zlpWD445fKTkNUqsbBNMo/getUpdates HTTP/1.1" 200 23
2022-07-13 17:40:39,917 - DEBUG - Converted retries value: 3 -> Retry(total=3, connect=None, read=None, redirect=0, status=None)
2022-07-13 17:40:59,990 - DEBUG - https://api.telegram.org:443 "POST /bot5594170891:AAG_N8HeA8Yxv1zlpWD445fKTkNUqsbBNMo/getUpdates HTTP/1.1" 200 23
2022-07-13 17:41:00,091 - DEBUG - Converted retries value: 3 -> Retry(total=3, connect=None, read=None, redirect=0, status=None)
2022-07-13 17:41:20,183 - DEBUG - https://api.telegram.org:443 "POST /bot5594170891:AAG_N8HeA8Yxv1zlpWD445fKTkNUqsbBNMo/getUpdates HTTP/1.1" 200 23
2022-07-13 17:41:20,285 - DEBUG - Converted retries value: 3 -> Retry(total=3, connect=None, read=None, redirect=0, status=None)
2022-07-13 17:41:40,357 - DEBUG - https://api.telegram.org:443 "POST /bot5594170891:AAG_N8HeA8Yxv1zlpWD445fKTkNUqsbBNMo/getUpdates HTTP/1.1" 200 23
2022-07-13 17:41:40,457 - DEBUG - Converted retries value: 3 -> Retry(total=3, connect=None, read=None, redirect=0, status=None)
2022-07-13 17:42:00,529 - DEBUG - https://api.telegram.org:443 "POST /bot5594170891:AAG_N8HeA8Yxv1zlpWD445fKTkNUqsbBNMo/getUpdates HTTP/1.1" 200 23
2022-07-13 17:42:00,630 - DEBUG - Converted retries value: 3 -> Retry(total=3, connect=None, read=None, redirect=0, status=None)
2022-07-13 17:42:20,704 - DEBUG - https://api.telegram.org:443 "POST /bot5594170891:AAG_N8HeA8Yxv1zlpWD445fKTkNUqsbBNMo/getUpdates HTTP/1.1" 200 23
2022-07-13 17:42:20,805 - DEBUG - Converted retries value: 3 -> Retry(total=3, connect=None, read=None, redirect=0, status=None)
2022-07-13 17:42:40,877 - DEBUG - https://api.telegram.org:443 "POST /bot5594170891:AAG_N8HeA8Yxv1zlpWD445fKTkNUqsbBNMo/getUpdates HTTP/1.1" 200 23
2022-07-13 17:42:40,978 - DEBUG - Converted retries value: 3 -> Retry(total=3, connect=None, read=None, redirect=0, status=None)
2022-07-13 17:42:42,245 - DEBUG - Listening ...
2022-07-13 17:42:42,246 - DEBUG - Converted retries value: 3 -> Retry(total=3, connect=None, read=None, redirect=0, status=None)
2022-07-13 17:42:42,247 - DEBUG - Starting new HTTPS connection (1): api.telegram.org:443
2022-07-13 17:42:42,408 - DEBUG - https://api.telegram.org:443 "POST /bot5594170891:AAG_N8HeA8Yxv1zlpWD445fKTkNUqsbBNMo/getUpdates HTTP/1.1" 409 143
2022-07-13 17:42:42,509 - DEBUG - Converted retries value: 3 -> Retry(total=3, connect=None, read=None, redirect=0, status=None)
2022-07-13 17:42:45,587 - DEBUG - https://api.telegram.org:443 "POST /bot5594170891:AAG_N8HeA8Yxv1zlpWD445fKTkNUqsbBNMo/getUpdates HTTP/1.1" 409 143
2022-07-13 17:42:45,690 - DEBUG - Converted retries value: 3 -> Retry(total=3, connect=None, read=None, redirect=0, status=None)
2022-07-13 17:42:45,769 - DEBUG - https://api.telegram.org:443 "POST /bot5594170891:AAG_N8HeA8Yxv1zlpWD445fKTkNUqsbBNMo/getUpdates HTTP/1.1" 409 143
2022-07-13 17:42:45,871 - DEBUG - Converted retries value: 3 -> Retry(total=3, connect=None, read=None, redirect=0, status=None)
2022-07-13 17:42:47,245 - DEBUG - https://api.telegram.org:443 "POST /bot5594170891:AAG_N8HeA8Yxv1zlpWD445fKTkNUqsbBNMo/getUpdates HTTP/1.1" 200 306
2022-07-13 17:42:47,246 - DEBUG - Converted retries value: 3 -> Retry(total=3, connect=None, read=None, redirect=0, status=None)
2022-07-13 17:42:47,327 - DEBUG - https://api.telegram.org:443 "POST /bot5594170891:AAG_N8HeA8Yxv1zlpWD445fKTkNUqsbBNMo/sendMessage HTTP/1.1" 200 593
2022-07-13 17:42:47,327 - DEBUG - jk
2022-07-13 17:42:47,346 - DEBUG - Converted retries value: 3 -> Retry(total=3, connect=None, read=None, redirect=0, status=None)
2022-07-13 17:42:48,965 - DEBUG - https://api.telegram.org:443 "POST /bot5594170891:AAG_N8HeA8Yxv1zlpWD445fKTkNUqsbBNMo/getUpdates HTTP/1.1" 409 143
2022-07-13 17:42:49,067 - DEBUG - Converted retries value: 3 -> Retry(total=3, connect=None, read=None, redirect=0, status=None)
2022-07-13 17:42:49,122 - DEBUG - https://api.telegram.org:443 "POST /bot5594170891:AAG_N8HeA8Yxv1zlpWD445fKTkNUqsbBNMo/getUpdates HTTP/1.1" 409 143
2022-07-13 17:42:49,223 - DEBUG - Converted retries value: 3 -> Retry(total=3, connect=None, read=None, redirect=0, status=None)
2022-07-13 17:42:52,345 - DEBUG - https://api.telegram.org:443 "POST /bot5594170891:AAG_N8HeA8Yxv1zlpWD445fKTkNUqsbBNMo/getUpdates HTTP/1.1" 409 143
2022-07-13 17:42:52,446 - DEBUG - Converted retries value: 3 -> Retry(total=3, connect=None, read=None, redirect=0, status=None)
2022-07-13 17:42:52,580 - DEBUG - https://api.telegram.org:443 "POST /bot5594170891:AAG_N8HeA8Yxv1zlpWD445fKTkNUqsbBNMo/getUpdates HTTP/1.1" 409 143
2022-07-13 17:42:52,681 - DEBUG - Converted retries value: 3 -> Retry(total=3, connect=None, read=None, redirect=0, status=None)
2022-07-13 17:42:55,826 - DEBUG - https://api.telegram.org:443 "POST /bot5594170891:AAG_N8HeA8Yxv1zlpWD445fKTkNUqsbBNMo/getUpdates HTTP/1.1" 409 143
2022-07-13 17:42:55,928 - DEBUG - Converted retries value: 3 -> Retry(total=3, connect=None, read=None, redirect=0, status=None)
2022-07-13 17:42:55,977 - DEBUG - https://api.telegram.org:443 "POST /bot5594170891:AAG_N8HeA8Yxv1zlpWD445fKTkNUqsbBNMo/getUpdates HTTP/1.1" 409 143
2022-07-13 17:42:56,079 - DEBUG - Converted retries value: 3 -> Retry(total=3, connect=None, read=None, redirect=0, status=None)
2022-07-13 17:42:59,206 - DEBUG - https://api.telegram.org:443 "POST /bot5594170891:AAG_N8HeA8Yxv1zlpWD445fKTkNUqsbBNMo/getUpdates HTTP/1.1" 409 143
2022-07-13 17:42:59,206 - DEBUG - https://api.telegram.org:443 "POST /bot5594170891:AAG_N8HeA8Yxv1zlpWD445fKTkNUqsbBNMo/getUpdates HTTP/1.1" 200 682
2022-07-13 17:42:59,207 - DEBUG - BQACAgIAAxkBAAMVYs7Z8szYQnp7p9pthNt_9rOpK8AAAvIZAALe0nlKDYA_bL3GaOMpBA
2022-07-13 17:42:59,207 - DEBUG - Doc was sent by...Oleg
2022-07-13 17:42:59,207 - DEBUG - Directory: dir_959676595_Oleg_2022-07-13_17-42-59
2022-07-13 17:42:59,207 - DEBUG - Directory is made... dir_959676595_Oleg_2022-07-13_17-42-59
2022-07-13 17:42:59,207 - DEBUG - Downloading file to dir_959676595_Oleg_2022-07-13_17-42-59/input_file_2022-07-13_17-42-59.pdf
2022-07-13 17:42:59,208 - DEBUG - Converted retries value: 3 -> Retry(total=3, connect=None, read=None, redirect=0, status=None)
2022-07-13 17:42:59,271 - DEBUG - https://api.telegram.org:443 "POST /bot5594170891:AAG_N8HeA8Yxv1zlpWD445fKTkNUqsbBNMo/getFile HTTP/1.1" 200 193
2022-07-13 17:42:59,272 - DEBUG - Converted retries value: 3 -> Retry(total=3, connect=None, read=None, redirect=0, status=None)
2022-07-13 17:42:59,272 - DEBUG - Starting new HTTPS connection (1): api.telegram.org:443
2022-07-13 17:42:59,307 - DEBUG - Converted retries value: 3 -> Retry(total=3, connect=None, read=None, redirect=0, status=None)
2022-07-13 17:42:59,307 - DEBUG - Converted retries value: 3 -> Retry(total=3, connect=None, read=None, redirect=0, status=None)
2022-07-13 17:42:59,358 - DEBUG - https://api.telegram.org:443 "POST /bot5594170891:AAG_N8HeA8Yxv1zlpWD445fKTkNUqsbBNMo/getUpdates HTTP/1.1" 409 143
2022-07-13 17:42:59,459 - DEBUG - Converted retries value: 3 -> Retry(total=3, connect=None, read=None, redirect=0, status=None)
2022-07-13 17:42:59,462 - DEBUG - https://api.telegram.org:443 "GET /file/bot5594170891:AAG_N8HeA8Yxv1zlpWD445fKTkNUqsbBNMo/documents/file_2.pdf HTTP/1.1" 200 29392
2022-07-13 17:42:59,467 - DEBUG - Converted retries value: 3 -> Retry(total=3, connect=None, read=None, redirect=0, status=None)
2022-07-13 17:42:59,605 - DEBUG - https://api.telegram.org:443 "POST /bot5594170891:AAG_N8HeA8Yxv1zlpWD445fKTkNUqsbBNMo/sendMessage HTTP/1.1" 200 539
2022-07-13 17:43:02,585 - DEBUG - https://api.telegram.org:443 "POST /bot5594170891:AAG_N8HeA8Yxv1zlpWD445fKTkNUqsbBNMo/getUpdates HTTP/1.1" 409 143
2022-07-13 17:43:02,686 - DEBUG - Converted retries value: 3 -> Retry(total=3, connect=None, read=None, redirect=0, status=None)
2022-07-13 17:43:02,740 - DEBUG - https://api.telegram.org:443 "POST /bot5594170891:AAG_N8HeA8Yxv1zlpWD445fKTkNUqsbBNMo/getUpdates HTTP/1.1" 409 143
2022-07-13 17:43:02,842 - DEBUG - Converted retries value: 3 -> Retry(total=3, connect=None, read=None, redirect=0, status=None)
2022-07-13 17:43:16,708 - DEBUG - Listening ...
2022-07-13 17:43:16,709 - DEBUG - Converted retries value: 3 -> Retry(total=3, connect=None, read=None, redirect=0, status=None)
2022-07-13 17:43:16,710 - DEBUG - Starting new HTTPS connection (1): api.telegram.org:443
2022-07-13 17:43:16,990 - DEBUG - https://api.telegram.org:443 "POST /bot5594170891:AAG_N8HeA8Yxv1zlpWD445fKTkNUqsbBNMo/getUpdates HTTP/1.1" 409 143
2022-07-13 17:43:17,091 - DEBUG - Converted retries value: 3 -> Retry(total=3, connect=None, read=None, redirect=0, status=None)
2022-07-13 17:43:20,198 - DEBUG - https://api.telegram.org:443 "POST /bot5594170891:AAG_N8HeA8Yxv1zlpWD445fKTkNUqsbBNMo/getUpdates HTTP/1.1" 409 143
2022-07-13 17:43:20,301 - DEBUG - Converted retries value: 3 -> Retry(total=3, connect=None, read=None, redirect=0, status=None)
2022-07-13 17:43:20,348 - DEBUG - https://api.telegram.org:443 "POST /bot5594170891:AAG_N8HeA8Yxv1zlpWD445fKTkNUqsbBNMo/getUpdates HTTP/1.1" 409 143
2022-07-13 17:43:20,450 - DEBUG - Converted retries value: 3 -> Retry(total=3, connect=None, read=None, redirect=0, status=None)
2022-07-13 17:43:20,691 - DEBUG - https://api.telegram.org:443 "POST /bot5594170891:AAG_N8HeA8Yxv1zlpWD445fKTkNUqsbBNMo/getUpdates HTTP/1.1" 200 306
2022-07-13 17:43:20,692 - DEBUG - Converted retries value: 3 -> Retry(total=3, connect=None, read=None, redirect=0, status=None)
2022-07-13 17:43:20,769 - DEBUG - https://api.telegram.org:443 "POST /bot5594170891:AAG_N8HeA8Yxv1zlpWD445fKTkNUqsbBNMo/sendMessage HTTP/1.1" 200 593
2022-07-13 17:43:20,769 - DEBUG - dd
2022-07-13 17:43:20,792 - DEBUG - Converted retries value: 3 -> Retry(total=3, connect=None, read=None, redirect=0, status=None)
2022-07-13 17:43:23,576 - DEBUG - https://api.telegram.org:443 "POST /bot5594170891:AAG_N8HeA8Yxv1zlpWD445fKTkNUqsbBNMo/getUpdates HTTP/1.1" 409 143
2022-07-13 17:43:23,678 - DEBUG - Converted retries value: 3 -> Retry(total=3, connect=None, read=None, redirect=0, status=None)
2022-07-13 17:43:23,725 - DEBUG - https://api.telegram.org:443 "POST /bot5594170891:AAG_N8HeA8Yxv1zlpWD445fKTkNUqsbBNMo/getUpdates HTTP/1.1" 409 143
2022-07-13 17:43:23,826 - DEBUG - Converted retries value: 3 -> Retry(total=3, connect=None, read=None, redirect=0, status=None)
2022-07-13 17:43:26,956 - DEBUG - https://api.telegram.org:443 "POST /bot5594170891:AAG_N8HeA8Yxv1zlpWD445fKTkNUqsbBNMo/getUpdates HTTP/1.1" 409 143
2022-07-13 17:43:27,057 - DEBUG - Converted retries value: 3 -> Retry(total=3, connect=None, read=None, redirect=0, status=None)
2022-07-13 17:43:27,105 - DEBUG - https://api.telegram.org:443 "POST /bot5594170891:AAG_N8HeA8Yxv1zlpWD445fKTkNUqsbBNMo/getUpdates HTTP/1.1" 409 143
2022-07-13 17:43:27,206 - DEBUG - Converted retries value: 3 -> Retry(total=3, connect=None, read=None, redirect=0, status=None)
2022-07-13 17:43:30,335 - DEBUG - https://api.telegram.org:443 "POST /bot5594170891:AAG_N8HeA8Yxv1zlpWD445fKTkNUqsbBNMo/getUpdates HTTP/1.1" 409 143
2022-07-13 17:43:30,437 - DEBUG - Converted retries value: 3 -> Retry(total=3, connect=None, read=None, redirect=0, status=None)
2022-07-13 17:43:30,484 - DEBUG - https://api.telegram.org:443 "POST /bot5594170891:AAG_N8HeA8Yxv1zlpWD445fKTkNUqsbBNMo/getUpdates HTTP/1.1" 409 143
2022-07-13 17:43:30,585 - DEBUG - Converted retries value: 3 -> Retry(total=3, connect=None, read=None, redirect=0, status=None)
2022-07-13 17:43:33,127 - DEBUG - https://api.telegram.org:443 "POST /bot5594170891:AAG_N8HeA8Yxv1zlpWD445fKTkNUqsbBNMo/getUpdates HTTP/1.1" 200 682
2022-07-13 17:43:33,128 - DEBUG - BQACAgIAAxkBAAMZYs7aFDBTj8wkzpHSNldHqq8_i-oAAvQZAALe0nlKnFkx1ru_MhcpBA
2022-07-13 17:43:33,128 - DEBUG - Doc was sent by...Oleg
2022-07-13 17:43:33,128 - DEBUG - Directory: dir_959676595_Oleg_2022-07-13_17-43-33
2022-07-13 17:43:33,129 - DEBUG - Directory is made... dir_959676595_Oleg_2022-07-13_17-43-33
2022-07-13 17:43:33,129 - DEBUG - Downloading file to dir_959676595_Oleg_2022-07-13_17-43-33/input_file_2022-07-13_17-43-33.pdf
2022-07-13 17:43:33,129 - DEBUG - Converted retries value: 3 -> Retry(total=3, connect=None, read=None, redirect=0, status=None)
2022-07-13 17:43:33,228 - DEBUG - Converted retries value: 3 -> Retry(total=3, connect=None, read=None, redirect=0, status=None)
2022-07-13 17:43:33,253 - DEBUG - https://api.telegram.org:443 "POST /bot5594170891:AAG_N8HeA8Yxv1zlpWD445fKTkNUqsbBNMo/getFile HTTP/1.1" 200 193
2022-07-13 17:43:33,255 - DEBUG - Converted retries value: 3 -> Retry(total=3, connect=None, read=None, redirect=0, status=None)
2022-07-13 17:43:33,255 - DEBUG - Starting new HTTPS connection (1): api.telegram.org:443
2022-07-13 17:43:33,457 - DEBUG - https://api.telegram.org:443 "GET /file/bot5594170891:AAG_N8HeA8Yxv1zlpWD445fKTkNUqsbBNMo/documents/file_3.pdf HTTP/1.1" 200 29392
2022-07-13 17:43:33,459 - DEBUG - Converted retries value: 3 -> Retry(total=3, connect=None, read=None, redirect=0, status=None)
2022-07-13 17:43:33,580 - DEBUG - https://api.telegram.org:443 "POST /bot5594170891:AAG_N8HeA8Yxv1zlpWD445fKTkNUqsbBNMo/sendMessage HTTP/1.1" 200 539
2022-07-13 17:43:33,680 - DEBUG - https://api.telegram.org:443 "POST /bot5594170891:AAG_N8HeA8Yxv1zlpWD445fKTkNUqsbBNMo/getUpdates HTTP/1.1" 409 143
2022-07-13 17:43:33,781 - DEBUG - Converted retries value: 3 -> Retry(total=3, connect=None, read=None, redirect=0, status=None)
2022-07-13 17:43:33,872 - DEBUG - https://api.telegram.org:443 "POST /bot5594170891:AAG_N8HeA8Yxv1zlpWD445fKTkNUqsbBNMo/getUpdates HTTP/1.1" 409 143
2022-07-13 17:43:33,974 - DEBUG - Converted retries value: 3 -> Retry(total=3, connect=None, read=None, redirect=0, status=None)
2022-07-13 17:43:37,128 - DEBUG - https://api.telegram.org:443 "POST /bot5594170891:AAG_N8HeA8Yxv1zlpWD445fKTkNUqsbBNMo/getUpdates HTTP/1.1" 409 143
2022-07-13 17:43:37,229 - DEBUG - Converted retries value: 3 -> Retry(total=3, connect=None, read=None, redirect=0, status=None)
2022-07-13 17:43:37,401 - DEBUG - https://api.telegram.org:443 "POST /bot5594170891:AAG_N8HeA8Yxv1zlpWD445fKTkNUqsbBNMo/getUpdates HTTP/1.1" 409 143
2022-07-13 17:43:37,505 - DEBUG - Converted retries value: 3 -> Retry(total=3, connect=None, read=None, redirect=0, status=None)
2022-07-13 17:43:40,678 - DEBUG - https://api.telegram.org:443 "POST /bot5594170891:AAG_N8HeA8Yxv1zlpWD445fKTkNUqsbBNMo/getUpdates HTTP/1.1" 409 143
2022-07-13 17:43:40,780 - DEBUG - Converted retries value: 3 -> Retry(total=3, connect=None, read=None, redirect=0, status=None)
2022-07-13 17:43:40,874 - DEBUG - https://api.telegram.org:443 "POST /bot5594170891:AAG_N8HeA8Yxv1zlpWD445fKTkNUqsbBNMo/getUpdates HTTP/1.1" 409 143
2022-07-13 17:43:40,975 - DEBUG - Converted retries value: 3 -> Retry(total=3, connect=None, read=None, redirect=0, status=None)
2022-07-13 17:43:44,159 - DEBUG - https://api.telegram.org:443 "POST /bot5594170891:AAG_N8HeA8Yxv1zlpWD445fKTkNUqsbBNMo/getUpdates HTTP/1.1" 409 143
2022-07-13 17:43:44,261 - DEBUG - Converted retries value: 3 -> Retry(total=3, connect=None, read=None, redirect=0, status=None)
2022-07-13 17:43:44,354 - DEBUG - https://api.telegram.org:443 "POST /bot5594170891:AAG_N8HeA8Yxv1zlpWD445fKTkNUqsbBNMo/getUpdates HTTP/1.1" 409 143
2022-07-13 17:43:44,456 - DEBUG - Converted retries value: 3 -> Retry(total=3, connect=None, read=None, redirect=0, status=None)
2022-07-13 17:43:51,181 - DEBUG - Listening ...
2022-07-13 17:43:51,182 - DEBUG - Converted retries value: 3 -> Retry(total=3, connect=None, read=None, redirect=0, status=None)
2022-07-13 17:43:51,182 - DEBUG - Starting new HTTPS connection (1): api.telegram.org:443
2022-07-13 17:43:51,666 - DEBUG - https://api.telegram.org:443 "POST /bot5594170891:AAG_N8HeA8Yxv1zlpWD445fKTkNUqsbBNMo/getUpdates HTTP/1.1" 409 143
2022-07-13 17:43:51,768 - DEBUG - Converted retries value: 3 -> Retry(total=3, connect=None, read=None, redirect=0, status=None)
2022-07-13 17:43:54,912 - DEBUG - https://api.telegram.org:443 "POST /bot5594170891:AAG_N8HeA8Yxv1zlpWD445fKTkNUqsbBNMo/getUpdates HTTP/1.1" 409 143
2022-07-13 17:43:55,015 - DEBUG - Converted retries value: 3 -> Retry(total=3, connect=None, read=None, redirect=0, status=None)
2022-07-13 17:43:55,122 - DEBUG - https://api.telegram.org:443 "POST /bot5594170891:AAG_N8HeA8Yxv1zlpWD445fKTkNUqsbBNMo/getUpdates HTTP/1.1" 409 143
2022-07-13 17:43:55,198 - DEBUG - https://api.telegram.org:443 "POST /bot5594170891:AAG_N8HeA8Yxv1zlpWD445fKTkNUqsbBNMo/getUpdates HTTP/1.1" 200 306
2022-07-13 17:43:55,200 - DEBUG - Converted retries value: 3 -> Retry(total=3, connect=None, read=None, redirect=0, status=None)
2022-07-13 17:43:55,223 - DEBUG - Converted retries value: 3 -> Retry(total=3, connect=None, read=None, redirect=0, status=None)
2022-07-13 17:43:55,299 - DEBUG - Converted retries value: 3 -> Retry(total=3, connect=None, read=None, redirect=0, status=None)
2022-07-13 17:43:55,299 - DEBUG - Starting new HTTPS connection (2): api.telegram.org:443
2022-07-13 17:43:55,316 - DEBUG - https://api.telegram.org:443 "POST /bot5594170891:AAG_N8HeA8Yxv1zlpWD445fKTkNUqsbBNMo/getUpdates HTTP/1.1" 200 306
2022-07-13 17:43:55,318 - DEBUG - Converted retries value: 3 -> Retry(total=3, connect=None, read=None, redirect=0, status=None)
2022-07-13 17:43:55,325 - DEBUG - https://api.telegram.org:443 "POST /bot5594170891:AAG_N8HeA8Yxv1zlpWD445fKTkNUqsbBNMo/sendMessage HTTP/1.1" 200 593
2022-07-13 17:43:55,325 - DEBUG - ko
2022-07-13 17:43:55,417 - DEBUG - Converted retries value: 3 -> Retry(total=3, connect=None, read=None, redirect=0, status=None)
2022-07-13 17:43:55,445 - DEBUG - https://api.telegram.org:443 "POST /bot5594170891:AAG_N8HeA8Yxv1zlpWD445fKTkNUqsbBNMo/sendMessage HTTP/1.1" 200 593
2022-07-13 17:43:55,446 - DEBUG - ko
2022-07-13 17:43:58,529 - DEBUG - https://api.telegram.org:443 "POST /bot5594170891:AAG_N8HeA8Yxv1zlpWD445fKTkNUqsbBNMo/getUpdates HTTP/1.1" 409 143
2022-07-13 17:43:58,630 - DEBUG - Converted retries value: 3 -> Retry(total=3, connect=None, read=None, redirect=0, status=None)
2022-07-13 17:43:58,747 - DEBUG - https://api.telegram.org:443 "POST /bot5594170891:AAG_N8HeA8Yxv1zlpWD445fKTkNUqsbBNMo/getUpdates HTTP/1.1" 409 143
2022-07-13 17:43:58,848 - DEBUG - Converted retries value: 3 -> Retry(total=3, connect=None, read=None, redirect=0, status=None)
2022-07-13 17:44:00,237 - DEBUG - https://api.telegram.org:443 "POST /bot5594170891:AAG_N8HeA8Yxv1zlpWD445fKTkNUqsbBNMo/getUpdates HTTP/1.1" 200 682
2022-07-13 17:44:00,238 - DEBUG - BQACAgIAAxkBAAMeYs7aL4LyKBuTcAn9NyMwBJPLNlUAAvUZAALe0nlKQS3je1ZdnREpBA
2022-07-13 17:44:00,238 - DEBUG - Doc was sent by...Oleg
2022-07-13 17:44:00,238 - DEBUG - Directory: dir_959676595_Oleg_2022-07-13_17-44-00
2022-07-13 17:44:00,238 - DEBUG - Directory is made... dir_959676595_Oleg_2022-07-13_17-44-00
2022-07-13 17:44:00,238 - DEBUG - Downloading file to dir_959676595_Oleg_2022-07-13_17-44-00/input_file_2022-07-13_17-44-00.pdf
2022-07-13 17:44:00,239 - DEBUG - Converted retries value: 3 -> Retry(total=3, connect=None, read=None, redirect=0, status=None)
2022-07-13 17:44:00,338 - DEBUG - Converted retries value: 3 -> Retry(total=3, connect=None, read=None, redirect=0, status=None)
2022-07-13 17:44:00,339 - DEBUG - https://api.telegram.org:443 "POST /bot5594170891:AAG_N8HeA8Yxv1zlpWD445fKTkNUqsbBNMo/getFile HTTP/1.1" 200 193
2022-07-13 17:44:00,339 - DEBUG - Converted retries value: 3 -> Retry(total=3, connect=None, read=None, redirect=0, status=None)
2022-07-13 17:44:00,340 - DEBUG - Starting new HTTPS connection (1): api.telegram.org:443
2022-07-13 17:44:00,683 - DEBUG - https://api.telegram.org:443 "GET /file/bot5594170891:AAG_N8HeA8Yxv1zlpWD445fKTkNUqsbBNMo/documents/file_4.pdf HTTP/1.1" 200 29392
2022-07-13 17:44:00,687 - DEBUG - Converted retries value: 3 -> Retry(total=3, connect=None, read=None, redirect=0, status=None)
2022-07-13 17:44:00,761 - DEBUG - https://api.telegram.org:443 "POST /bot5594170891:AAG_N8HeA8Yxv1zlpWD445fKTkNUqsbBNMo/sendMessage HTTP/1.1" 200 539
2022-07-13 17:44:01,907 - DEBUG - https://api.telegram.org:443 "POST /bot5594170891:AAG_N8HeA8Yxv1zlpWD445fKTkNUqsbBNMo/getUpdates HTTP/1.1" 409 143
2022-07-13 17:44:02,008 - DEBUG - Converted retries value: 3 -> Retry(total=3, connect=None, read=None, redirect=0, status=None)
2022-07-13 17:44:02,103 - DEBUG - https://api.telegram.org:443 "POST /bot5594170891:AAG_N8HeA8Yxv1zlpWD445fKTkNUqsbBNMo/getUpdates HTTP/1.1" 409 143
2022-07-13 17:44:02,205 - DEBUG - Converted retries value: 3 -> Retry(total=3, connect=None, read=None, redirect=0, status=None)
2022-07-13 17:44:05,358 - DEBUG - https://api.telegram.org:443 "POST /bot5594170891:AAG_N8HeA8Yxv1zlpWD445fKTkNUqsbBNMo/getUpdates HTTP/1.1" 409 143
2022-07-13 17:44:05,459 - DEBUG - Converted retries value: 3 -> Retry(total=3, connect=None, read=None, redirect=0, status=None)
2022-07-13 17:44:05,555 - DEBUG - https://api.telegram.org:443 "POST /bot5594170891:AAG_N8HeA8Yxv1zlpWD445fKTkNUqsbBNMo/getUpdates HTTP/1.1" 409 143
2022-07-13 17:44:05,656 - DEBUG - Converted retries value: 3 -> Retry(total=3, connect=None, read=None, redirect=0, status=None)
2022-07-13 17:44:08,736 - DEBUG - https://api.telegram.org:443 "POST /bot5594170891:AAG_N8HeA8Yxv1zlpWD445fKTkNUqsbBNMo/getUpdates HTTP/1.1" 409 143
2022-07-13 17:44:08,838 - DEBUG - Converted retries value: 3 -> Retry(total=3, connect=None, read=None, redirect=0, status=None)
2022-07-13 17:44:08,935 - DEBUG - https://api.telegram.org:443 "POST /bot5594170891:AAG_N8HeA8Yxv1zlpWD445fKTkNUqsbBNMo/getUpdates HTTP/1.1" 409 143
2022-07-13 17:44:09,036 - DEBUG - Converted retries value: 3 -> Retry(total=3, connect=None, read=None, redirect=0, status=None)
2022-07-13 17:44:29,216 - DEBUG - https://api.telegram.org:443 "POST /bot5594170891:AAG_N8HeA8Yxv1zlpWD445fKTkNUqsbBNMo/getUpdates HTTP/1.1" 200 23
2022-07-13 17:44:29,317 - DEBUG - Converted retries value: 3 -> Retry(total=3, connect=None, read=None, redirect=0, status=None)
2022-07-13 17:44:49,413 - DEBUG - https://api.telegram.org:443 "POST /bot5594170891:AAG_N8HeA8Yxv1zlpWD445fKTkNUqsbBNMo/getUpdates HTTP/1.1" 200 23
2022-07-13 17:44:49,514 - DEBUG - Converted retries value: 3 -> Retry(total=3, connect=None, read=None, redirect=0, status=None)
2022-07-13 17:45:09,665 - DEBUG - https://api.telegram.org:443 "POST /bot5594170891:AAG_N8HeA8Yxv1zlpWD445fKTkNUqsbBNMo/getUpdates HTTP/1.1" 200 23
2022-07-13 17:45:09,767 - DEBUG - Converted retries value: 3 -> Retry(total=3, connect=None, read=None, redirect=0, status=None)
2022-07-13 17:45:29,566 - DEBUG - https://api.telegram.org:443 "POST /bot5594170891:AAG_N8HeA8Yxv1zlpWD445fKTkNUqsbBNMo/getUpdates HTTP/1.1" 200 308
2022-07-13 17:45:29,568 - DEBUG - Converted retries value: 3 -> Retry(total=3, connect=None, read=None, redirect=0, status=None)
2022-07-13 17:45:29,668 - DEBUG - Converted retries value: 3 -> Retry(total=3, connect=None, read=None, redirect=0, status=None)
2022-07-13 17:45:29,752 - DEBUG - https://api.telegram.org:443 "POST /bot5594170891:AAG_N8HeA8Yxv1zlpWD445fKTkNUqsbBNMo/sendMessage HTTP/1.1" 200 593
2022-07-13 17:45:29,753 - DEBUG - mjlj
2022-07-13 17:45:49,806 - DEBUG - https://api.telegram.org:443 "POST /bot5594170891:AAG_N8HeA8Yxv1zlpWD445fKTkNUqsbBNMo/getUpdates HTTP/1.1" 200 23
2022-07-13 17:45:49,907 - DEBUG - Converted retries value: 3 -> Retry(total=3, connect=None, read=None, redirect=0, status=None)
2022-07-13 17:46:10,081 - DEBUG - https://api.telegram.org:443 "POST /bot5594170891:AAG_N8HeA8Yxv1zlpWD445fKTkNUqsbBNMo/getUpdates HTTP/1.1" 200 23
2022-07-13 17:46:10,183 - DEBUG - Converted retries value: 3 -> Retry(total=3, connect=None, read=None, redirect=0, status=None)
2022-07-13 17:46:30,357 - DEBUG - https://api.telegram.org:443 "POST /bot5594170891:AAG_N8HeA8Yxv1zlpWD445fKTkNUqsbBNMo/getUpdates HTTP/1.1" 200 23
2022-07-13 17:46:30,458 - DEBUG - Converted retries value: 3 -> Retry(total=3, connect=None, read=None, redirect=0, status=None)
2022-07-13 17:46:50,530 - DEBUG - https://api.telegram.org:443 "POST /bot5594170891:AAG_N8HeA8Yxv1zlpWD445fKTkNUqsbBNMo/getUpdates HTTP/1.1" 200 23
2022-07-13 17:46:50,631 - DEBUG - Converted retries value: 3 -> Retry(total=3, connect=None, read=None, redirect=0, status=None)
2022-07-13 17:47:03,570 - DEBUG - Listening ...
2022-07-13 17:47:03,571 - DEBUG - Converted retries value: 3 -> Retry(total=3, connect=None, read=None, redirect=0, status=None)
2022-07-13 17:47:03,571 - DEBUG - Starting new HTTPS connection (1): api.telegram.org:443
2022-07-13 17:47:08,140 - DEBUG - https://api.telegram.org:443 "POST /bot5594170891:AAG_N8HeA8Yxv1zlpWD445fKTkNUqsbBNMo/getUpdates HTTP/1.1" 200 306
2022-07-13 17:47:08,142 - DEBUG - Converted retries value: 3 -> Retry(total=3, connect=None, read=None, redirect=0, status=None)
2022-07-13 17:47:08,241 - DEBUG - Converted retries value: 3 -> Retry(total=3, connect=None, read=None, redirect=0, status=None)
2022-07-13 17:47:08,241 - DEBUG - Starting new HTTPS connection (2): api.telegram.org:443
2022-07-13 17:47:08,383 - DEBUG - https://api.telegram.org:443 "POST /bot5594170891:AAG_N8HeA8Yxv1zlpWD445fKTkNUqsbBNMo/sendMessage HTTP/1.1" 200 593
2022-07-13 17:47:08,383 - DEBUG - dd
2022-07-13 17:47:13,258 - DEBUG - https://api.telegram.org:443 "POST /bot5594170891:AAG_N8HeA8Yxv1zlpWD445fKTkNUqsbBNMo/getUpdates HTTP/1.1" 200 682
2022-07-13 17:47:13,259 - DEBUG - BQACAgIAAxkBAAMkYs7a8Gysux-dhNJ7Tmtis5apu2EAAvwZAALe0nlKHFwNK7TjWqspBA
2022-07-13 17:47:13,259 - DEBUG - Doc was sent by...Oleg
2022-07-13 17:47:13,259 - DEBUG - Directory: dir_959676595_Oleg_2022-07-13_17-47-13
2022-07-13 17:47:13,259 - DEBUG - Directory is made... dir_959676595_Oleg_2022-07-13_17-47-13
2022-07-13 17:47:13,259 - DEBUG - Downloading file to dir_959676595_Oleg_2022-07-13_17-47-13/input_file_2022-07-13_17-47-13.pdf
2022-07-13 17:47:13,259 - DEBUG - Converted retries value: 3 -> Retry(total=3, connect=None, read=None, redirect=0, status=None)
2022-07-13 17:47:13,359 - DEBUG - Converted retries value: 3 -> Retry(total=3, connect=None, read=None, redirect=0, status=None)
2022-07-13 17:47:13,456 - DEBUG - https://api.telegram.org:443 "POST /bot5594170891:AAG_N8HeA8Yxv1zlpWD445fKTkNUqsbBNMo/getFile HTTP/1.1" 200 193
2022-07-13 17:47:13,457 - DEBUG - Converted retries value: 3 -> Retry(total=3, connect=None, read=None, redirect=0, status=None)
2022-07-13 17:47:13,457 - DEBUG - Starting new HTTPS connection (1): api.telegram.org:443
2022-07-13 17:47:13,662 - DEBUG - https://api.telegram.org:443 "GET /file/bot5594170891:AAG_N8HeA8Yxv1zlpWD445fKTkNUqsbBNMo/documents/file_5.pdf HTTP/1.1" 200 29392
2022-07-13 17:47:13,664 - DEBUG - Converted retries value: 3 -> Retry(total=3, connect=None, read=None, redirect=0, status=None)
2022-07-13 17:47:13,781 - DEBUG - https://api.telegram.org:443 "POST /bot5594170891:AAG_N8HeA8Yxv1zlpWD445fKTkNUqsbBNMo/sendMessage HTTP/1.1" 200 539
2022-07-13 17:47:13,794 - DEBUG - Converted retries value: 3 -> Retry(total=3, connect=None, read=None, redirect=0, status=None)
2022-07-13 17:47:13,921 - DEBUG - https://api.telegram.org:443 "POST /bot5594170891:AAG_N8HeA8Yxv1zlpWD445fKTkNUqsbBNMo/sendMessage HTTP/1.1" 200 383
2022-07-13 17:47:13,922 - DEBUG - ['text.txt']
2022-07-13 17:47:13,925 - DEBUG - Converted retries value: 3 -> Retry(total=3, connect=None, read=None, redirect=0, status=None)
2022-07-13 17:47:13,925 - DEBUG - Starting new HTTPS connection (1): api.telegram.org:443
2022-07-13 17:47:14,319 - DEBUG - https://api.telegram.org:443 "POST /bot5594170891:AAG_N8HeA8Yxv1zlpWD445fKTkNUqsbBNMo/sendDocument HTTP/1.1" 200 436
2022-07-13 17:47:14,320 - DEBUG - Converted retries value: 3 -> Retry(total=3, connect=None, read=None, redirect=0, status=None)
2022-07-13 17:47:14,447 - DEBUG - https://api.telegram.org:443 "POST /bot5594170891:AAG_N8HeA8Yxv1zlpWD445fKTkNUqsbBNMo/sendMessage HTTP/1.1" 200 287
2022-07-13 17:47:33,538 - DEBUG - https://api.telegram.org:443 "POST /bot5594170891:AAG_N8HeA8Yxv1zlpWD445fKTkNUqsbBNMo/getUpdates HTTP/1.1" 200 23
2022-07-13 17:47:33,639 - DEBUG - Converted retries value: 3 -> Retry(total=3, connect=None, read=None, redirect=0, status=None)
2022-07-14 11:59:26,067 - DEBUG - Listening ...
2022-07-14 11:59:26,068 - DEBUG - Converted retries value: 3 -> Retry(total=3, connect=None, read=None, redirect=0, status=None)
2022-07-14 11:59:26,068 - DEBUG - Starting new HTTPS connection (1): api.telegram.org:443
2022-07-14 11:59:26,402 - DEBUG - https://api.telegram.org:443 "POST /bot5594170891:AAG_N8HeA8Yxv1zlpWD445fKTkNUqsbBNMo/getUpdates HTTP/1.1" 200 306
2022-07-14 11:59:26,406 - DEBUG - Converted retries value: 3 -> Retry(total=3, connect=None, read=None, redirect=0, status=None)
2022-07-14 11:59:26,504 - DEBUG - Converted retries value: 3 -> Retry(total=3, connect=None, read=None, redirect=0, status=None)
2022-07-14 11:59:26,504 - DEBUG - Starting new HTTPS connection (2): api.telegram.org:443
2022-07-14 11:59:26,570 - DEBUG - https://api.telegram.org:443 "POST /bot5594170891:AAG_N8HeA8Yxv1zlpWD445fKTkNUqsbBNMo/sendMessage HTTP/1.1" 200 593
2022-07-14 11:59:26,570 - DEBUG - fl
2022-07-14 11:59:37,332 - DEBUG - https://api.telegram.org:443 "POST /bot5594170891:AAG_N8HeA8Yxv1zlpWD445fKTkNUqsbBNMo/getUpdates HTTP/1.1" 200 693
2022-07-14 11:59:37,333 - DEBUG - BQACAgIAAxkBAAMrYs_a-DXMAgNl23rueHKfHD9cSTQAAp8ZAALe0oFK79ox8ds71LIpBA
2022-07-14 11:59:37,333 - DEBUG - Doc was sent by...Oleg
2022-07-14 11:59:37,333 - DEBUG - Directory: dir_959676595_Oleg_2022-07-14_11-59-37
2022-07-14 11:59:37,333 - DEBUG - Directory is made... dir_959676595_Oleg_2022-07-14_11-59-37
2022-07-14 11:59:37,333 - DEBUG - Downloading file to dir_959676595_Oleg_2022-07-14_11-59-37/input_file_2022-07-14_11-59-37.pdf
2022-07-14 11:59:37,334 - DEBUG - Converted retries value: 3 -> Retry(total=3, connect=None, read=None, redirect=0, status=None)
2022-07-14 11:59:37,433 - DEBUG - Converted retries value: 3 -> Retry(total=3, connect=None, read=None, redirect=0, status=None)
2022-07-14 11:59:37,493 - DEBUG - https://api.telegram.org:443 "POST /bot5594170891:AAG_N8HeA8Yxv1zlpWD445fKTkNUqsbBNMo/getFile HTTP/1.1" 200 193
2022-07-14 11:59:37,494 - DEBUG - Converted retries value: 3 -> Retry(total=3, connect=None, read=None, redirect=0, status=None)
2022-07-14 11:59:37,494 - DEBUG - Starting new HTTPS connection (1): api.telegram.org:443
2022-07-14 11:59:37,849 - DEBUG - https://api.telegram.org:443 "GET /file/bot5594170891:AAG_N8HeA8Yxv1zlpWD445fKTkNUqsbBNMo/documents/file_6.pdf HTTP/1.1" 200 29695
2022-07-14 11:59:37,852 - DEBUG - Converted retries value: 3 -> Retry(total=3, connect=None, read=None, redirect=0, status=None)
2022-07-14 11:59:37,975 - DEBUG - https://api.telegram.org:443 "POST /bot5594170891:AAG_N8HeA8Yxv1zlpWD445fKTkNUqsbBNMo/sendMessage HTTP/1.1" 200 539
2022-07-14 11:59:38,379 - DEBUG - Converted retries value: 3 -> Retry(total=3, connect=None, read=None, redirect=0, status=None)
2022-07-14 11:59:38,514 - DEBUG - https://api.telegram.org:443 "POST /bot5594170891:AAG_N8HeA8Yxv1zlpWD445fKTkNUqsbBNMo/sendMessage HTTP/1.1" 200 383
2022-07-14 11:59:38,515 - DEBUG - ['output_14072022_1159.txt']
2022-07-14 11:59:38,519 - DEBUG - Converted retries value: 3 -> Retry(total=3, connect=None, read=None, redirect=0, status=None)
2022-07-14 11:59:38,519 - DEBUG - Starting new HTTPS connection (1): api.telegram.org:443
2022-07-14 11:59:38,872 - DEBUG - https://api.telegram.org:443 "POST /bot5594170891:AAG_N8HeA8Yxv1zlpWD445fKTkNUqsbBNMo/sendDocument HTTP/1.1" 200 452
2022-07-14 11:59:38,874 - DEBUG - Converted retries value: 3 -> Retry(total=3, connect=None, read=None, redirect=0, status=None)
2022-07-14 11:59:39,015 - DEBUG - https://api.telegram.org:443 "POST /bot5594170891:AAG_N8HeA8Yxv1zlpWD445fKTkNUqsbBNMo/sendMessage HTTP/1.1" 200 287
2022-07-14 12:02:54,994 - DEBUG - Listening ...
2022-07-14 12:02:54,995 - DEBUG - Converted retries value: 3 -> Retry(total=3, connect=None, read=None, redirect=0, status=None)
2022-07-14 12:02:54,995 - DEBUG - Starting new HTTPS connection (1): api.telegram.org:443
2022-07-14 12:03:04,098 - DEBUG - https://api.telegram.org:443 "POST /bot5594170891:AAG_N8HeA8Yxv1zlpWD445fKTkNUqsbBNMo/getUpdates HTTP/1.1" 200 306
2022-07-14 12:03:04,101 - DEBUG - Converted retries value: 3 -> Retry(total=3, connect=None, read=None, redirect=0, status=None)
2022-07-14 12:03:04,199 - DEBUG - Converted retries value: 3 -> Retry(total=3, connect=None, read=None, redirect=0, status=None)
2022-07-14 12:03:04,200 - DEBUG - Starting new HTTPS connection (2): api.telegram.org:443
2022-07-14 12:03:04,271 - DEBUG - https://api.telegram.org:443 "POST /bot5594170891:AAG_N8HeA8Yxv1zlpWD445fKTkNUqsbBNMo/sendMessage HTTP/1.1" 200 593
2022-07-14 12:03:04,272 - DEBUG - hi
2022-07-14 12:03:17,598 - DEBUG - https://api.telegram.org:443 "POST /bot5594170891:AAG_N8HeA8Yxv1zlpWD445fKTkNUqsbBNMo/getUpdates HTTP/1.1" 200 698
2022-07-14 12:03:17,599 - DEBUG - BQACAgIAAxkBAAMyYs_b1N8AAfBEtm2-rCxs2XwqXOORAAKnGQAC3tKBSmYo0Wb4P_PaKQQ
2022-07-14 12:03:17,599 - DEBUG - Doc was sent by...Oleg with d09ed0bbd0b5d0b3
2022-07-14 12:03:17,599 - DEBUG - Directory: dir_959676595_Oleg_2022-07-14_12-03-17
2022-07-14 12:03:17,600 - DEBUG - Directory is made... dir_959676595_Oleg_2022-07-14_12-03-17
2022-07-14 12:03:17,600 - DEBUG - Downloading file to dir_959676595_Oleg_2022-07-14_12-03-17/input_file_2022-07-14_12-03-17.pdf
2022-07-14 12:03:17,600 - DEBUG - Converted retries value: 3 -> Retry(total=3, connect=None, read=None, redirect=0, status=None)
2022-07-14 12:03:17,699 - DEBUG - Converted retries value: 3 -> Retry(total=3, connect=None, read=None, redirect=0, status=None)
2022-07-14 12:03:18,314 - DEBUG - https://api.telegram.org:443 "POST /bot5594170891:AAG_N8HeA8Yxv1zlpWD445fKTkNUqsbBNMo/getFile HTTP/1.1" 200 195
2022-07-14 12:03:18,316 - DEBUG - Converted retries value: 3 -> Retry(total=3, connect=None, read=None, redirect=0, status=None)
2022-07-14 12:03:18,316 - DEBUG - Starting new HTTPS connection (1): api.telegram.org:443
2022-07-14 12:03:18,520 - DEBUG - https://api.telegram.org:443 "GET /file/bot5594170891:AAG_N8HeA8Yxv1zlpWD445fKTkNUqsbBNMo/documents/file_7.pdf HTTP/1.1" 200 397078
2022-07-14 12:03:18,676 - DEBUG - Converted retries value: 3 -> Retry(total=3, connect=None, read=None, redirect=0, status=None)
2022-07-14 12:03:18,775 - DEBUG - https://api.telegram.org:443 "POST /bot5594170891:AAG_N8HeA8Yxv1zlpWD445fKTkNUqsbBNMo/sendMessage HTTP/1.1" 200 539
2022-07-14 12:03:19,157 - DEBUG - Converted retries value: 3 -> Retry(total=3, connect=None, read=None, redirect=0, status=None)
2022-07-14 12:03:19,646 - DEBUG - https://api.telegram.org:443 "POST /bot5594170891:AAG_N8HeA8Yxv1zlpWD445fKTkNUqsbBNMo/sendMessage HTTP/1.1" 200 383
2022-07-14 12:03:19,647 - DEBUG - []
2022-07-14 12:03:37,770 - DEBUG - https://api.telegram.org:443 "POST /bot5594170891:AAG_N8HeA8Yxv1zlpWD445fKTkNUqsbBNMo/getUpdates HTTP/1.1" 200 23
2022-07-14 12:03:37,871 - DEBUG - Converted retries value: 3 -> Retry(total=3, connect=None, read=None, redirect=0, status=None)
2022-07-14 12:03:58,046 - DEBUG - https://api.telegram.org:443 "POST /bot5594170891:AAG_N8HeA8Yxv1zlpWD445fKTkNUqsbBNMo/getUpdates HTTP/1.1" 200 23
2022-07-14 12:03:58,147 - DEBUG - Converted retries value: 3 -> Retry(total=3, connect=None, read=None, redirect=0, status=None)
2022-07-14 12:04:18,220 - DEBUG - https://api.telegram.org:443 "POST /bot5594170891:AAG_N8HeA8Yxv1zlpWD445fKTkNUqsbBNMo/getUpdates HTTP/1.1" 200 23
2022-07-14 12:04:18,321 - DEBUG - Converted retries value: 3 -> Retry(total=3, connect=None, read=None, redirect=0, status=None)
2022-07-14 12:04:38,495 - DEBUG - https://api.telegram.org:443 "POST /bot5594170891:AAG_N8HeA8Yxv1zlpWD445fKTkNUqsbBNMo/getUpdates HTTP/1.1" 200 23
2022-07-14 12:04:38,596 - DEBUG - Converted retries value: 3 -> Retry(total=3, connect=None, read=None, redirect=0, status=None)
2022-07-14 12:04:58,668 - DEBUG - https://api.telegram.org:443 "POST /bot5594170891:AAG_N8HeA8Yxv1zlpWD445fKTkNUqsbBNMo/getUpdates HTTP/1.1" 200 23
2022-07-14 12:04:58,769 - DEBUG - Converted retries value: 3 -> Retry(total=3, connect=None, read=None, redirect=0, status=None)
2022-07-14 12:05:18,843 - DEBUG - https://api.telegram.org:443 "POST /bot5594170891:AAG_N8HeA8Yxv1zlpWD445fKTkNUqsbBNMo/getUpdates HTTP/1.1" 200 23
2022-07-14 12:05:18,944 - DEBUG - Converted retries value: 3 -> Retry(total=3, connect=None, read=None, redirect=0, status=None)
2022-07-14 12:05:39,012 - DEBUG - https://api.telegram.org:443 "POST /bot5594170891:AAG_N8HeA8Yxv1zlpWD445fKTkNUqsbBNMo/getUpdates HTTP/1.1" 200 23
2022-07-14 12:05:39,114 - DEBUG - Converted retries value: 3 -> Retry(total=3, connect=None, read=None, redirect=0, status=None)
2022-07-14 12:05:59,164 - DEBUG - https://api.telegram.org:443 "POST /bot5594170891:AAG_N8HeA8Yxv1zlpWD445fKTkNUqsbBNMo/getUpdates HTTP/1.1" 200 23
2022-07-14 12:05:59,266 - DEBUG - Converted retries value: 3 -> Retry(total=3, connect=None, read=None, redirect=0, status=None)
2022-07-14 12:06:19,462 - DEBUG - https://api.telegram.org:443 "POST /bot5594170891:AAG_N8HeA8Yxv1zlpWD445fKTkNUqsbBNMo/getUpdates HTTP/1.1" 200 23
2022-07-14 12:06:19,564 - DEBUG - Converted retries value: 3 -> Retry(total=3, connect=None, read=None, redirect=0, status=None)
2022-07-14 12:06:34,201 - DEBUG - Listening ...
2022-07-14 12:06:34,202 - DEBUG - Converted retries value: 3 -> Retry(total=3, connect=None, read=None, redirect=0, status=None)
2022-07-14 12:06:34,202 - DEBUG - Starting new HTTPS connection (1): api.telegram.org:443
2022-07-14 12:06:38,912 - DEBUG - https://api.telegram.org:443 "POST /bot5594170891:AAG_N8HeA8Yxv1zlpWD445fKTkNUqsbBNMo/getUpdates HTTP/1.1" 200 306
2022-07-14 12:06:38,915 - DEBUG - Converted retries value: 3 -> Retry(total=3, connect=None, read=None, redirect=0, status=None)
2022-07-14 12:06:39,014 - DEBUG - Converted retries value: 3 -> Retry(total=3, connect=None, read=None, redirect=0, status=None)
2022-07-14 12:06:39,014 - DEBUG - Starting new HTTPS connection (2): api.telegram.org:443
2022-07-14 12:06:39,052 - DEBUG - https://api.telegram.org:443 "POST /bot5594170891:AAG_N8HeA8Yxv1zlpWD445fKTkNUqsbBNMo/sendMessage HTTP/1.1" 200 593
2022-07-14 12:06:39,052 - DEBUG - jj
2022-07-14 12:06:47,315 - DEBUG - https://api.telegram.org:443 "POST /bot5594170891:AAG_N8HeA8Yxv1zlpWD445fKTkNUqsbBNMo/getUpdates HTTP/1.1" 200 695
2022-07-14 12:06:47,316 - DEBUG - BQACAgIAAxkBAAM3Ys_cppWGFO_tOh3lacM4bGGHtEQAArEZAALe0oFKfJekqFySExUpBA
2022-07-14 12:06:47,316 - DEBUG - Doc was sent by...Oleg with d09ed0bbd0b5d0b3
2022-07-14 12:06:47,316 - DEBUG - Directory: dir_959676595_Oleg_2022-07-14_12-06-47
2022-07-14 12:06:47,317 - DEBUG - Directory is made... dir_959676595_Oleg_2022-07-14_12-06-47
2022-07-14 12:06:47,317 - DEBUG - Downloading file to dir_959676595_Oleg_2022-07-14_12-06-47/input_file_2022-07-14_12-06-47.pdf
2022-07-14 12:06:47,317 - DEBUG - Converted retries value: 3 -> Retry(total=3, connect=None, read=None, redirect=0, status=None)
2022-07-14 12:06:47,416 - DEBUG - Converted retries value: 3 -> Retry(total=3, connect=None, read=None, redirect=0, status=None)
2022-07-14 12:06:48,009 - DEBUG - https://api.telegram.org:443 "POST /bot5594170891:AAG_N8HeA8Yxv1zlpWD445fKTkNUqsbBNMo/getFile HTTP/1.1" 200 194
2022-07-14 12:06:48,010 - DEBUG - Converted retries value: 3 -> Retry(total=3, connect=None, read=None, redirect=0, status=None)
2022-07-14 12:06:48,010 - DEBUG - Starting new HTTPS connection (1): api.telegram.org:443
2022-07-14 12:06:48,205 - DEBUG - https://api.telegram.org:443 "GET /file/bot5594170891:AAG_N8HeA8Yxv1zlpWD445fKTkNUqsbBNMo/documents/file_8.pdf HTTP/1.1" 200 397078
2022-07-14 12:06:48,358 - DEBUG - Converted retries value: 3 -> Retry(total=3, connect=None, read=None, redirect=0, status=None)
2022-07-14 12:06:48,481 - DEBUG - https://api.telegram.org:443 "POST /bot5594170891:AAG_N8HeA8Yxv1zlpWD445fKTkNUqsbBNMo/sendMessage HTTP/1.1" 200 539
2022-07-14 12:06:48,487 - DEBUG - Converted retries value: 3 -> Retry(total=3, connect=None, read=None, redirect=0, status=None)
2022-07-14 12:06:48,616 - DEBUG - https://api.telegram.org:443 "POST /bot5594170891:AAG_N8HeA8Yxv1zlpWD445fKTkNUqsbBNMo/sendMessage HTTP/1.1" 200 383
2022-07-14 12:06:48,617 - DEBUG - []
2022-07-14 12:07:07,694 - DEBUG - https://api.telegram.org:443 "POST /bot5594170891:AAG_N8HeA8Yxv1zlpWD445fKTkNUqsbBNMo/getUpdates HTTP/1.1" 200 23
2022-07-14 12:07:07,795 - DEBUG - Converted retries value: 3 -> Retry(total=3, connect=None, read=None, redirect=0, status=None)
2022-07-14 12:07:27,901 - DEBUG - https://api.telegram.org:443 "POST /bot5594170891:AAG_N8HeA8Yxv1zlpWD445fKTkNUqsbBNMo/getUpdates HTTP/1.1" 200 23
2022-07-14 12:07:28,002 - DEBUG - Converted retries value: 3 -> Retry(total=3, connect=None, read=None, redirect=0, status=None)
2022-07-14 12:07:48,142 - DEBUG - https://api.telegram.org:443 "POST /bot5594170891:AAG_N8HeA8Yxv1zlpWD445fKTkNUqsbBNMo/getUpdates HTTP/1.1" 200 23
2022-07-14 12:07:48,244 - DEBUG - Converted retries value: 3 -> Retry(total=3, connect=None, read=None, redirect=0, status=None)
2022-07-14 12:07:57,202 - DEBUG - Listening ...
2022-07-14 12:07:57,203 - DEBUG - Converted retries value: 3 -> Retry(total=3, connect=None, read=None, redirect=0, status=None)
2022-07-14 12:07:57,203 - DEBUG - Starting new HTTPS connection (1): api.telegram.org:443
2022-07-14 12:08:03,810 - DEBUG - https://api.telegram.org:443 "POST /bot5594170891:AAG_N8HeA8Yxv1zlpWD445fKTkNUqsbBNMo/getUpdates HTTP/1.1" 200 306
2022-07-14 12:08:03,812 - DEBUG - Converted retries value: 3 -> Retry(total=3, connect=None, read=None, redirect=0, status=None)
2022-07-14 12:08:03,911 - DEBUG - Converted retries value: 3 -> Retry(total=3, connect=None, read=None, redirect=0, status=None)
2022-07-14 12:08:03,912 - DEBUG - Starting new HTTPS connection (2): api.telegram.org:443
2022-07-14 12:08:04,125 - DEBUG - https://api.telegram.org:443 "POST /bot5594170891:AAG_N8HeA8Yxv1zlpWD445fKTkNUqsbBNMo/sendMessage HTTP/1.1" 200 593
2022-07-14 12:08:04,126 - DEBUG - dd
2022-07-14 12:08:11,098 - DEBUG - https://api.telegram.org:443 "POST /bot5594170891:AAG_N8HeA8Yxv1zlpWD445fKTkNUqsbBNMo/getUpdates HTTP/1.1" 200 695
2022-07-14 12:08:11,099 - DEBUG - BQACAgIAAxkBAAM8Ys_c-kSPI7B8LL2mrV9aWa2nZNoAArsZAALe0oFK3N5GcwcbxcYpBA
2022-07-14 12:08:11,100 - DEBUG - Doc was sent by...Oleg with d09ed0bbd0b5d0b3
2022-07-14 12:08:11,100 - DEBUG - Directory: dir_959676595_Oleg_2022-07-14_12-08-11
2022-07-14 12:08:11,100 - DEBUG - Directory is made... dir_959676595_Oleg_2022-07-14_12-08-11
2022-07-14 12:08:11,100 - DEBUG - Downloading file to dir_959676595_Oleg_2022-07-14_12-08-11/input_file_2022-07-14_12-08-11.pdf
2022-07-14 12:08:11,100 - DEBUG - Converted retries value: 3 -> Retry(total=3, connect=None, read=None, redirect=0, status=None)
2022-07-14 12:08:11,200 - DEBUG - Converted retries value: 3 -> Retry(total=3, connect=None, read=None, redirect=0, status=None)
2022-07-14 12:08:11,898 - DEBUG - https://api.telegram.org:443 "POST /bot5594170891:AAG_N8HeA8Yxv1zlpWD445fKTkNUqsbBNMo/getFile HTTP/1.1" 200 194
2022-07-14 12:08:11,899 - DEBUG - Converted retries value: 3 -> Retry(total=3, connect=None, read=None, redirect=0, status=None)
2022-07-14 12:08:11,899 - DEBUG - Starting new HTTPS connection (1): api.telegram.org:443
2022-07-14 12:08:12,104 - DEBUG - https://api.telegram.org:443 "GET /file/bot5594170891:AAG_N8HeA8Yxv1zlpWD445fKTkNUqsbBNMo/documents/file_9.pdf HTTP/1.1" 200 397078
2022-07-14 12:08:12,258 - DEBUG - Converted retries value: 3 -> Retry(total=3, connect=None, read=None, redirect=0, status=None)
2022-07-14 12:08:12,504 - DEBUG - https://api.telegram.org:443 "POST /bot5594170891:AAG_N8HeA8Yxv1zlpWD445fKTkNUqsbBNMo/sendMessage HTTP/1.1" 200 539
2022-07-14 12:08:13,094 - DEBUG - Converted retries value: 3 -> Retry(total=3, connect=None, read=None, redirect=0, status=None)
2022-07-14 12:08:13,281 - DEBUG - https://api.telegram.org:443 "POST /bot5594170891:AAG_N8HeA8Yxv1zlpWD445fKTkNUqsbBNMo/sendMessage HTTP/1.1" 200 383
2022-07-14 12:08:13,282 - DEBUG - ['output_file.docx']
2022-07-14 12:08:13,286 - DEBUG - Converted retries value: 3 -> Retry(total=3, connect=None, read=None, redirect=0, status=None)
2022-07-14 12:08:13,286 - DEBUG - Starting new HTTPS connection (1): api.telegram.org:443
2022-07-14 12:08:13,501 - DEBUG - https://api.telegram.org:443 "POST /bot5594170891:AAG_N8HeA8Yxv1zlpWD445fKTkNUqsbBNMo/sendDocument HTTP/1.1" 200 505
2022-07-14 12:08:13,502 - DEBUG - Converted retries value: 3 -> Retry(total=3, connect=None, read=None, redirect=0, status=None)
2022-07-14 12:08:13,624 - DEBUG - https://api.telegram.org:443 "POST /bot5594170891:AAG_N8HeA8Yxv1zlpWD445fKTkNUqsbBNMo/sendMessage HTTP/1.1" 200 287
2022-07-14 12:08:31,313 - DEBUG - https://api.telegram.org:443 "POST /bot5594170891:AAG_N8HeA8Yxv1zlpWD445fKTkNUqsbBNMo/getUpdates HTTP/1.1" 200 23
2022-07-14 12:08:31,415 - DEBUG - Converted retries value: 3 -> Retry(total=3, connect=None, read=None, redirect=0, status=None)
2022-07-14 12:08:51,608 - DEBUG - https://api.telegram.org:443 "POST /bot5594170891:AAG_N8HeA8Yxv1zlpWD445fKTkNUqsbBNMo/getUpdates HTTP/1.1" 200 23
2022-07-14 12:08:51,710 - DEBUG - Converted retries value: 3 -> Retry(total=3, connect=None, read=None, redirect=0, status=None)
2022-07-14 12:09:11,874 - DEBUG - https://api.telegram.org:443 "POST /bot5594170891:AAG_N8HeA8Yxv1zlpWD445fKTkNUqsbBNMo/getUpdates HTTP/1.1" 200 23
2022-07-14 12:09:11,975 - DEBUG - Converted retries value: 3 -> Retry(total=3, connect=None, read=None, redirect=0, status=None)
2022-07-14 12:09:32,284 - DEBUG - https://api.telegram.org:443 "POST /bot5594170891:AAG_N8HeA8Yxv1zlpWD445fKTkNUqsbBNMo/getUpdates HTTP/1.1" 200 23
2022-07-14 12:09:32,385 - DEBUG - Converted retries value: 3 -> Retry(total=3, connect=None, read=None, redirect=0, status=None)
2022-07-14 12:09:52,559 - DEBUG - https://api.telegram.org:443 "POST /bot5594170891:AAG_N8HeA8Yxv1zlpWD445fKTkNUqsbBNMo/getUpdates HTTP/1.1" 200 23
2022-07-14 12:09:52,660 - DEBUG - Converted retries value: 3 -> Retry(total=3, connect=None, read=None, redirect=0, status=None)
2022-07-14 12:10:12,779 - DEBUG - https://api.telegram.org:443 "POST /bot5594170891:AAG_N8HeA8Yxv1zlpWD445fKTkNUqsbBNMo/getUpdates HTTP/1.1" 200 23
2022-07-14 12:10:12,880 - DEBUG - Converted retries value: 3 -> Retry(total=3, connect=None, read=None, redirect=0, status=None)
2022-07-14 12:10:33,111 - DEBUG - https://api.telegram.org:443 "POST /bot5594170891:AAG_N8HeA8Yxv1zlpWD445fKTkNUqsbBNMo/getUpdates HTTP/1.1" 200 23
2022-07-14 12:10:33,212 - DEBUG - Converted retries value: 3 -> Retry(total=3, connect=None, read=None, redirect=0, status=None)
2022-07-14 12:10:53,385 - DEBUG - https://api.telegram.org:443 "POST /bot5594170891:AAG_N8HeA8Yxv1zlpWD445fKTkNUqsbBNMo/getUpdates HTTP/1.1" 200 23
2022-07-14 12:10:53,487 - DEBUG - Converted retries value: 3 -> Retry(total=3, connect=None, read=None, redirect=0, status=None)
2022-07-14 12:11:13,672 - DEBUG - https://api.telegram.org:443 "POST /bot5594170891:AAG_N8HeA8Yxv1zlpWD445fKTkNUqsbBNMo/getUpdates HTTP/1.1" 200 23
2022-07-14 12:11:13,773 - DEBUG - Converted retries value: 3 -> Retry(total=3, connect=None, read=None, redirect=0, status=None)
2022-07-14 12:11:33,936 - DEBUG - https://api.telegram.org:443 "POST /bot5594170891:AAG_N8HeA8Yxv1zlpWD445fKTkNUqsbBNMo/getUpdates HTTP/1.1" 200 23
2022-07-14 12:11:34,037 - DEBUG - Converted retries value: 3 -> Retry(total=3, connect=None, read=None, redirect=0, status=None)
2022-07-14 12:11:54,149 - DEBUG - https://api.telegram.org:443 "POST /bot5594170891:AAG_N8HeA8Yxv1zlpWD445fKTkNUqsbBNMo/getUpdates HTTP/1.1" 200 23
2022-07-14 12:11:54,250 - DEBUG - Converted retries value: 3 -> Retry(total=3, connect=None, read=None, redirect=0, status=None)
2022-07-14 12:12:14,420 - DEBUG - https://api.telegram.org:443 "POST /bot5594170891:AAG_N8HeA8Yxv1zlpWD445fKTkNUqsbBNMo/getUpdates HTTP/1.1" 200 23
2022-07-14 12:12:14,522 - DEBUG - Converted retries value: 3 -> Retry(total=3, connect=None, read=None, redirect=0, status=None)
2022-07-14 12:12:34,660 - DEBUG - https://api.telegram.org:443 "POST /bot5594170891:AAG_N8HeA8Yxv1zlpWD445fKTkNUqsbBNMo/getUpdates HTTP/1.1" 200 23
2022-07-14 12:12:34,761 - DEBUG - Converted retries value: 3 -> Retry(total=3, connect=None, read=None, redirect=0, status=None)
2022-07-14 12:12:55,038 - DEBUG - https://api.telegram.org:443 "POST /bot5594170891:AAG_N8HeA8Yxv1zlpWD445fKTkNUqsbBNMo/getUpdates HTTP/1.1" 200 23
2022-07-14 12:12:55,139 - DEBUG - Converted retries value: 3 -> Retry(total=3, connect=None, read=None, redirect=0, status=None)
2022-07-14 12:13:15,236 - DEBUG - https://api.telegram.org:443 "POST /bot5594170891:AAG_N8HeA8Yxv1zlpWD445fKTkNUqsbBNMo/getUpdates HTTP/1.1" 200 23
2022-07-14 12:13:15,338 - DEBUG - Converted retries value: 3 -> Retry(total=3, connect=None, read=None, redirect=0, status=None)
2022-07-14 12:13:35,589 - DEBUG - https://api.telegram.org:443 "POST /bot5594170891:AAG_N8HeA8Yxv1zlpWD445fKTkNUqsbBNMo/getUpdates HTTP/1.1" 200 23
2022-07-14 12:13:35,690 - DEBUG - Converted retries value: 3 -> Retry(total=3, connect=None, read=None, redirect=0, status=None)
2022-07-14 12:13:55,866 - DEBUG - https://api.telegram.org:443 "POST /bot5594170891:AAG_N8HeA8Yxv1zlpWD445fKTkNUqsbBNMo/getUpdates HTTP/1.1" 200 23
2022-07-14 12:13:55,968 - DEBUG - Converted retries value: 3 -> Retry(total=3, connect=None, read=None, redirect=0, status=None)
2022-07-14 12:14:16,119 - DEBUG - https://api.telegram.org:443 "POST /bot5594170891:AAG_N8HeA8Yxv1zlpWD445fKTkNUqsbBNMo/getUpdates HTTP/1.1" 200 23
2022-07-14 12:14:16,220 - DEBUG - Converted retries value: 3 -> Retry(total=3, connect=None, read=None, redirect=0, status=None)
2022-07-14 12:14:36,421 - DEBUG - https://api.telegram.org:443 "POST /bot5594170891:AAG_N8HeA8Yxv1zlpWD445fKTkNUqsbBNMo/getUpdates HTTP/1.1" 200 23
2022-07-14 12:14:36,522 - DEBUG - Converted retries value: 3 -> Retry(total=3, connect=None, read=None, redirect=0, status=None)
2022-07-14 12:14:56,613 - DEBUG - https://api.telegram.org:443 "POST /bot5594170891:AAG_N8HeA8Yxv1zlpWD445fKTkNUqsbBNMo/getUpdates HTTP/1.1" 200 23
2022-07-14 12:14:56,715 - DEBUG - Converted retries value: 3 -> Retry(total=3, connect=None, read=None, redirect=0, status=None)
2022-07-14 12:15:02,820 - DEBUG - Listening ...
2022-07-14 12:15:02,821 - DEBUG - Converted retries value: 3 -> Retry(total=3, connect=None, read=None, redirect=0, status=None)
2022-07-14 12:15:02,821 - DEBUG - Starting new HTTPS connection (1): api.telegram.org:443
2022-07-14 12:15:10,873 - DEBUG - https://api.telegram.org:443 "POST /bot5594170891:AAG_N8HeA8Yxv1zlpWD445fKTkNUqsbBNMo/getUpdates HTTP/1.1" 200 306
2022-07-14 12:15:10,875 - DEBUG - Converted retries value: 3 -> Retry(total=3, connect=None, read=None, redirect=0, status=None)
2022-07-14 12:15:10,975 - DEBUG - Converted retries value: 3 -> Retry(total=3, connect=None, read=None, redirect=0, status=None)
2022-07-14 12:15:10,975 - DEBUG - Starting new HTTPS connection (2): api.telegram.org:443
2022-07-14 12:15:11,016 - DEBUG - https://api.telegram.org:443 "POST /bot5594170891:AAG_N8HeA8Yxv1zlpWD445fKTkNUqsbBNMo/sendMessage HTTP/1.1" 200 593
2022-07-14 12:15:11,016 - DEBUG - dd
2022-07-14 12:15:19,744 - DEBUG - https://api.telegram.org:443 "POST /bot5594170891:AAG_N8HeA8Yxv1zlpWD445fKTkNUqsbBNMo/getUpdates HTTP/1.1" 200 695
2022-07-14 12:15:19,745 - DEBUG - BQACAgIAAxkBAANDYs_ep3cSRypGKMFJDIYK0TRGBicAAssZAALe0oFKGC1FhrMQMhcpBA
2022-07-14 12:15:19,745 - DEBUG - Doc was sent by...Oleg with d09ed0bbd0b5d0b3
2022-07-14 12:15:19,745 - DEBUG - Directory: dir_959676595_Oleg_2022-07-14_12-15-19
2022-07-14 12:15:19,745 - DEBUG - Directory is made... dir_959676595_Oleg_2022-07-14_12-15-19
2022-07-14 12:15:19,745 - DEBUG - Downloading file to dir_959676595_Oleg_2022-07-14_12-15-19/input_file_2022-07-14_12-15-19.pdf
2022-07-14 12:15:19,746 - DEBUG - Converted retries value: 3 -> Retry(total=3, connect=None, read=None, redirect=0, status=None)
2022-07-14 12:15:19,845 - DEBUG - Converted retries value: 3 -> Retry(total=3, connect=None, read=None, redirect=0, status=None)
2022-07-14 12:15:20,141 - DEBUG - https://api.telegram.org:443 "POST /bot5594170891:AAG_N8HeA8Yxv1zlpWD445fKTkNUqsbBNMo/getFile HTTP/1.1" 200 195
2022-07-14 12:15:20,142 - DEBUG - Converted retries value: 3 -> Retry(total=3, connect=None, read=None, redirect=0, status=None)
2022-07-14 12:15:20,142 - DEBUG - Starting new HTTPS connection (1): api.telegram.org:443
2022-07-14 12:15:20,539 - DEBUG - https://api.telegram.org:443 "GET /file/bot5594170891:AAG_N8HeA8Yxv1zlpWD445fKTkNUqsbBNMo/documents/file_10.pdf HTTP/1.1" 200 397078
2022-07-14 12:15:20,873 - DEBUG - Converted retries value: 3 -> Retry(total=3, connect=None, read=None, redirect=0, status=None)
2022-07-14 12:15:21,078 - DEBUG - https://api.telegram.org:443 "POST /bot5594170891:AAG_N8HeA8Yxv1zlpWD445fKTkNUqsbBNMo/sendMessage HTTP/1.1" 200 539
2022-07-14 12:15:21,214 - DEBUG - Converted retries value: 3 -> Retry(total=3, connect=None, read=None, redirect=0, status=None)
2022-07-14 12:15:21,403 - DEBUG - https://api.telegram.org:443 "POST /bot5594170891:AAG_N8HeA8Yxv1zlpWD445fKTkNUqsbBNMo/sendMessage HTTP/1.1" 200 383
2022-07-14 12:15:21,404 - DEBUG - ['output_14072022_1215.docx']
2022-07-14 12:15:21,407 - DEBUG - Converted retries value: 3 -> Retry(total=3, connect=None, read=None, redirect=0, status=None)
2022-07-14 12:15:21,407 - DEBUG - Starting new HTTPS connection (1): api.telegram.org:443
2022-07-14 12:15:21,913 - DEBUG - https://api.telegram.org:443 "POST /bot5594170891:AAG_N8HeA8Yxv1zlpWD445fKTkNUqsbBNMo/sendDocument HTTP/1.1" 200 514
2022-07-14 12:15:21,914 - DEBUG - Converted retries value: 3 -> Retry(total=3, connect=None, read=None, redirect=0, status=None)
2022-07-14 12:15:22,109 - DEBUG - https://api.telegram.org:443 "POST /bot5594170891:AAG_N8HeA8Yxv1zlpWD445fKTkNUqsbBNMo/sendMessage HTTP/1.1" 200 287
2022-07-14 12:15:40,007 - DEBUG - https://api.telegram.org:443 "POST /bot5594170891:AAG_N8HeA8Yxv1zlpWD445fKTkNUqsbBNMo/getUpdates HTTP/1.1" 200 23
2022-07-14 12:15:40,109 - DEBUG - Converted retries value: 3 -> Retry(total=3, connect=None, read=None, redirect=0, status=None)
2022-07-14 12:16:00,200 - DEBUG - https://api.telegram.org:443 "POST /bot5594170891:AAG_N8HeA8Yxv1zlpWD445fKTkNUqsbBNMo/getUpdates HTTP/1.1" 200 23
2022-07-14 12:16:00,300 - DEBUG - Converted retries value: 3 -> Retry(total=3, connect=None, read=None, redirect=0, status=None)
2022-07-14 12:16:20,455 - DEBUG - https://api.telegram.org:443 "POST /bot5594170891:AAG_N8HeA8Yxv1zlpWD445fKTkNUqsbBNMo/getUpdates HTTP/1.1" 200 23
2022-07-14 12:16:20,556 - DEBUG - Converted retries value: 3 -> Retry(total=3, connect=None, read=None, redirect=0, status=None)
2022-07-14 12:16:40,731 - DEBUG - https://api.telegram.org:443 "POST /bot5594170891:AAG_N8HeA8Yxv1zlpWD445fKTkNUqsbBNMo/getUpdates HTTP/1.1" 200 23
2022-07-14 12:16:40,833 - DEBUG - Converted retries value: 3 -> Retry(total=3, connect=None, read=None, redirect=0, status=None)
2022-07-14 12:17:01,007 - DEBUG - https://api.telegram.org:443 "POST /bot5594170891:AAG_N8HeA8Yxv1zlpWD445fKTkNUqsbBNMo/getUpdates HTTP/1.1" 200 23
2022-07-14 12:17:01,108 - DEBUG - Converted retries value: 3 -> Retry(total=3, connect=None, read=None, redirect=0, status=None)
2022-07-14 12:17:21,281 - DEBUG - https://api.telegram.org:443 "POST /bot5594170891:AAG_N8HeA8Yxv1zlpWD445fKTkNUqsbBNMo/getUpdates HTTP/1.1" 200 23
2022-07-14 12:17:21,382 - DEBUG - Converted retries value: 3 -> Retry(total=3, connect=None, read=None, redirect=0, status=None)
2022-07-14 12:17:41,474 - DEBUG - https://api.telegram.org:443 "POST /bot5594170891:AAG_N8HeA8Yxv1zlpWD445fKTkNUqsbBNMo/getUpdates HTTP/1.1" 200 23
2022-07-14 12:17:41,575 - DEBUG - Converted retries value: 3 -> Retry(total=3, connect=None, read=None, redirect=0, status=None)
2022-07-14 12:18:01,735 - DEBUG - https://api.telegram.org:443 "POST /bot5594170891:AAG_N8HeA8Yxv1zlpWD445fKTkNUqsbBNMo/getUpdates HTTP/1.1" 200 23
2022-07-14 12:18:01,836 - DEBUG - Converted retries value: 3 -> Retry(total=3, connect=None, read=None, redirect=0, status=None)
2022-07-14 12:18:21,941 - DEBUG - https://api.telegram.org:443 "POST /bot5594170891:AAG_N8HeA8Yxv1zlpWD445fKTkNUqsbBNMo/getUpdates HTTP/1.1" 200 23
2022-07-14 12:18:22,043 - DEBUG - Converted retries value: 3 -> Retry(total=3, connect=None, read=None, redirect=0, status=None)
2022-07-14 12:18:42,178 - DEBUG - https://api.telegram.org:443 "POST /bot5594170891:AAG_N8HeA8Yxv1zlpWD445fKTkNUqsbBNMo/getUpdates HTTP/1.1" 200 23
2022-07-14 12:18:42,280 - DEBUG - Converted retries value: 3 -> Retry(total=3, connect=None, read=None, redirect=0, status=None)
2022-07-14 12:19:02,454 - DEBUG - https://api.telegram.org:443 "POST /bot5594170891:AAG_N8HeA8Yxv1zlpWD445fKTkNUqsbBNMo/getUpdates HTTP/1.1" 200 23
2022-07-14 12:19:02,555 - DEBUG - Converted retries value: 3 -> Retry(total=3, connect=None, read=None, redirect=0, status=None)
2022-07-14 12:19:22,729 - DEBUG - https://api.telegram.org:443 "POST /bot5594170891:AAG_N8HeA8Yxv1zlpWD445fKTkNUqsbBNMo/getUpdates HTTP/1.1" 200 23
2022-07-14 12:19:22,831 - DEBUG - Converted retries value: 3 -> Retry(total=3, connect=None, read=None, redirect=0, status=None)
2022-07-14 12:19:43,005 - DEBUG - https://api.telegram.org:443 "POST /bot5594170891:AAG_N8HeA8Yxv1zlpWD445fKTkNUqsbBNMo/getUpdates HTTP/1.1" 200 23
2022-07-14 12:19:43,106 - DEBUG - Converted retries value: 3 -> Retry(total=3, connect=None, read=None, redirect=0, status=None)
2022-07-14 12:20:03,280 - DEBUG - https://api.telegram.org:443 "POST /bot5594170891:AAG_N8HeA8Yxv1zlpWD445fKTkNUqsbBNMo/getUpdates HTTP/1.1" 200 23
2022-07-14 12:20:03,381 - DEBUG - Converted retries value: 3 -> Retry(total=3, connect=None, read=None, redirect=0, status=None)
2022-07-14 12:20:23,556 - DEBUG - https://api.telegram.org:443 "POST /bot5594170891:AAG_N8HeA8Yxv1zlpWD445fKTkNUqsbBNMo/getUpdates HTTP/1.1" 200 23
2022-07-14 12:20:23,657 - DEBUG - Converted retries value: 3 -> Retry(total=3, connect=None, read=None, redirect=0, status=None)
2022-07-14 12:20:43,831 - DEBUG - https://api.telegram.org:443 "POST /bot5594170891:AAG_N8HeA8Yxv1zlpWD445fKTkNUqsbBNMo/getUpdates HTTP/1.1" 200 23
2022-07-14 12:20:43,933 - DEBUG - Converted retries value: 3 -> Retry(total=3, connect=None, read=None, redirect=0, status=None)
2022-07-14 12:21:04,106 - DEBUG - https://api.telegram.org:443 "POST /bot5594170891:AAG_N8HeA8Yxv1zlpWD445fKTkNUqsbBNMo/getUpdates HTTP/1.1" 200 23
2022-07-14 12:21:04,208 - DEBUG - Converted retries value: 3 -> Retry(total=3, connect=None, read=None, redirect=0, status=None)
2022-07-14 12:21:24,383 - DEBUG - https://api.telegram.org:443 "POST /bot5594170891:AAG_N8HeA8Yxv1zlpWD445fKTkNUqsbBNMo/getUpdates HTTP/1.1" 200 23
2022-07-14 12:21:24,484 - DEBUG - Converted retries value: 3 -> Retry(total=3, connect=None, read=None, redirect=0, status=None)
2022-07-14 12:21:44,577 - DEBUG - https://api.telegram.org:443 "POST /bot5594170891:AAG_N8HeA8Yxv1zlpWD445fKTkNUqsbBNMo/getUpdates HTTP/1.1" 200 23
2022-07-14 12:21:44,679 - DEBUG - Converted retries value: 3 -> Retry(total=3, connect=None, read=None, redirect=0, status=None)
2022-07-14 12:22:04,776 - DEBUG - https://api.telegram.org:443 "POST /bot5594170891:AAG_N8HeA8Yxv1zlpWD445fKTkNUqsbBNMo/getUpdates HTTP/1.1" 200 23
2022-07-14 12:22:04,877 - DEBUG - Converted retries value: 3 -> Retry(total=3, connect=None, read=None, redirect=0, status=None)
2022-07-14 12:22:25,004 - DEBUG - https://api.telegram.org:443 "POST /bot5594170891:AAG_N8HeA8Yxv1zlpWD445fKTkNUqsbBNMo/getUpdates HTTP/1.1" 200 23
2022-07-14 12:22:25,105 - DEBUG - Converted retries value: 3 -> Retry(total=3, connect=None, read=None, redirect=0, status=None)
2022-07-14 12:22:45,280 - DEBUG - https://api.telegram.org:443 "POST /bot5594170891:AAG_N8HeA8Yxv1zlpWD445fKTkNUqsbBNMo/getUpdates HTTP/1.1" 200 23
2022-07-14 12:22:45,381 - DEBUG - Converted retries value: 3 -> Retry(total=3, connect=None, read=None, redirect=0, status=None)
2022-07-14 12:23:05,555 - DEBUG - https://api.telegram.org:443 "POST /bot5594170891:AAG_N8HeA8Yxv1zlpWD445fKTkNUqsbBNMo/getUpdates HTTP/1.1" 200 23
2022-07-14 12:23:05,656 - DEBUG - Converted retries value: 3 -> Retry(total=3, connect=None, read=None, redirect=0, status=None)
2022-07-14 12:23:25,831 - DEBUG - https://api.telegram.org:443 "POST /bot5594170891:AAG_N8HeA8Yxv1zlpWD445fKTkNUqsbBNMo/getUpdates HTTP/1.1" 200 23
2022-07-14 12:23:25,933 - DEBUG - Converted retries value: 3 -> Retry(total=3, connect=None, read=None, redirect=0, status=None)
2022-07-14 12:23:46,106 - DEBUG - https://api.telegram.org:443 "POST /bot5594170891:AAG_N8HeA8Yxv1zlpWD445fKTkNUqsbBNMo/getUpdates HTTP/1.1" 200 23
2022-07-14 12:23:46,208 - DEBUG - Converted retries value: 3 -> Retry(total=3, connect=None, read=None, redirect=0, status=None)
2022-07-14 12:24:06,382 - DEBUG - https://api.telegram.org:443 "POST /bot5594170891:AAG_N8HeA8Yxv1zlpWD445fKTkNUqsbBNMo/getUpdates HTTP/1.1" 200 23
2022-07-14 12:24:06,483 - DEBUG - Converted retries value: 3 -> Retry(total=3, connect=None, read=None, redirect=0, status=None)
2022-07-14 12:24:26,656 - DEBUG - https://api.telegram.org:443 "POST /bot5594170891:AAG_N8HeA8Yxv1zlpWD445fKTkNUqsbBNMo/getUpdates HTTP/1.1" 200 23
2022-07-14 12:24:26,758 - DEBUG - Converted retries value: 3 -> Retry(total=3, connect=None, read=None, redirect=0, status=None)
2022-07-14 12:24:46,882 - DEBUG - https://api.telegram.org:443 "POST /bot5594170891:AAG_N8HeA8Yxv1zlpWD445fKTkNUqsbBNMo/getUpdates HTTP/1.1" 200 23
2022-07-14 12:24:46,984 - DEBUG - Converted retries value: 3 -> Retry(total=3, connect=None, read=None, redirect=0, status=None)
2022-07-14 12:25:07,106 - DEBUG - https://api.telegram.org:443 "POST /bot5594170891:AAG_N8HeA8Yxv1zlpWD445fKTkNUqsbBNMo/getUpdates HTTP/1.1" 200 23
2022-07-14 12:25:07,207 - DEBUG - Converted retries value: 3 -> Retry(total=3, connect=None, read=None, redirect=0, status=None)
2022-07-14 12:25:27,381 - DEBUG - https://api.telegram.org:443 "POST /bot5594170891:AAG_N8HeA8Yxv1zlpWD445fKTkNUqsbBNMo/getUpdates HTTP/1.1" 200 23
2022-07-14 12:25:27,482 - DEBUG - Converted retries value: 3 -> Retry(total=3, connect=None, read=None, redirect=0, status=None)
2022-07-14 12:25:47,657 - DEBUG - https://api.telegram.org:443 "POST /bot5594170891:AAG_N8HeA8Yxv1zlpWD445fKTkNUqsbBNMo/getUpdates HTTP/1.1" 200 23
2022-07-14 12:25:47,759 - DEBUG - Converted retries value: 3 -> Retry(total=3, connect=None, read=None, redirect=0, status=None)
2022-07-14 12:26:07,932 - DEBUG - https://api.telegram.org:443 "POST /bot5594170891:AAG_N8HeA8Yxv1zlpWD445fKTkNUqsbBNMo/getUpdates HTTP/1.1" 200 23
2022-07-14 12:26:08,033 - DEBUG - Converted retries value: 3 -> Retry(total=3, connect=None, read=None, redirect=0, status=None)
2022-07-14 12:26:28,126 - DEBUG - https://api.telegram.org:443 "POST /bot5594170891:AAG_N8HeA8Yxv1zlpWD445fKTkNUqsbBNMo/getUpdates HTTP/1.1" 200 23
2022-07-14 12:26:28,227 - DEBUG - Converted retries value: 3 -> Retry(total=3, connect=None, read=None, redirect=0, status=None)
2022-07-14 12:26:48,380 - DEBUG - https://api.telegram.org:443 "POST /bot5594170891:AAG_N8HeA8Yxv1zlpWD445fKTkNUqsbBNMo/getUpdates HTTP/1.1" 200 23
2022-07-14 12:26:48,482 - DEBUG - Converted retries value: 3 -> Retry(total=3, connect=None, read=None, redirect=0, status=None)
2022-07-14 12:27:08,656 - DEBUG - https://api.telegram.org:443 "POST /bot5594170891:AAG_N8HeA8Yxv1zlpWD445fKTkNUqsbBNMo/getUpdates HTTP/1.1" 200 23
2022-07-14 12:27:08,758 - DEBUG - Converted retries value: 3 -> Retry(total=3, connect=None, read=None, redirect=0, status=None)
2022-07-14 12:27:28,855 - DEBUG - https://api.telegram.org:443 "POST /bot5594170891:AAG_N8HeA8Yxv1zlpWD445fKTkNUqsbBNMo/getUpdates HTTP/1.1" 200 23
2022-07-14 12:27:28,956 - DEBUG - Converted retries value: 3 -> Retry(total=3, connect=None, read=None, redirect=0, status=None)
2022-07-14 12:27:49,104 - DEBUG - https://api.telegram.org:443 "POST /bot5594170891:AAG_N8HeA8Yxv1zlpWD445fKTkNUqsbBNMo/getUpdates HTTP/1.1" 200 23
2022-07-14 12:27:49,206 - DEBUG - Converted retries value: 3 -> Retry(total=3, connect=None, read=None, redirect=0, status=None)
2022-07-14 12:28:09,380 - DEBUG - https://api.telegram.org:443 "POST /bot5594170891:AAG_N8HeA8Yxv1zlpWD445fKTkNUqsbBNMo/getUpdates HTTP/1.1" 200 23
2022-07-14 12:28:09,481 - DEBUG - Converted retries value: 3 -> Retry(total=3, connect=None, read=None, redirect=0, status=None)
2022-07-14 12:28:29,655 - DEBUG - https://api.telegram.org:443 "POST /bot5594170891:AAG_N8HeA8Yxv1zlpWD445fKTkNUqsbBNMo/getUpdates HTTP/1.1" 200 23
2022-07-14 12:28:29,757 - DEBUG - Converted retries value: 3 -> Retry(total=3, connect=None, read=None, redirect=0, status=None)
2022-07-14 12:28:49,931 - DEBUG - https://api.telegram.org:443 "POST /bot5594170891:AAG_N8HeA8Yxv1zlpWD445fKTkNUqsbBNMo/getUpdates HTTP/1.1" 200 23
2022-07-14 12:28:50,033 - DEBUG - Converted retries value: 3 -> Retry(total=3, connect=None, read=None, redirect=0, status=None)
2022-07-14 12:29:10,207 - DEBUG - https://api.telegram.org:443 "POST /bot5594170891:AAG_N8HeA8Yxv1zlpWD445fKTkNUqsbBNMo/getUpdates HTTP/1.1" 200 23
2022-07-14 12:29:10,308 - DEBUG - Converted retries value: 3 -> Retry(total=3, connect=None, read=None, redirect=0, status=None)
2022-07-14 12:29:30,482 - DEBUG - https://api.telegram.org:443 "POST /bot5594170891:AAG_N8HeA8Yxv1zlpWD445fKTkNUqsbBNMo/getUpdates HTTP/1.1" 200 23
2022-07-14 12:29:30,584 - DEBUG - Converted retries value: 3 -> Retry(total=3, connect=None, read=None, redirect=0, status=None)
2022-07-14 12:29:50,757 - DEBUG - https://api.telegram.org:443 "POST /bot5594170891:AAG_N8HeA8Yxv1zlpWD445fKTkNUqsbBNMo/getUpdates HTTP/1.1" 200 23
2022-07-14 12:29:50,859 - DEBUG - Converted retries value: 3 -> Retry(total=3, connect=None, read=None, redirect=0, status=None)
2022-07-14 12:30:11,033 - DEBUG - https://api.telegram.org:443 "POST /bot5594170891:AAG_N8HeA8Yxv1zlpWD445fKTkNUqsbBNMo/getUpdates HTTP/1.1" 200 23
2022-07-14 12:30:11,134 - DEBUG - Converted retries value: 3 -> Retry(total=3, connect=None, read=None, redirect=0, status=None)
2022-07-14 12:30:31,308 - DEBUG - https://api.telegram.org:443 "POST /bot5594170891:AAG_N8HeA8Yxv1zlpWD445fKTkNUqsbBNMo/getUpdates HTTP/1.1" 200 23
2022-07-14 12:30:31,410 - DEBUG - Converted retries value: 3 -> Retry(total=3, connect=None, read=None, redirect=0, status=None)
2022-07-14 12:30:51,584 - DEBUG - https://api.telegram.org:443 "POST /bot5594170891:AAG_N8HeA8Yxv1zlpWD445fKTkNUqsbBNMo/getUpdates HTTP/1.1" 200 23
2022-07-14 12:30:51,686 - DEBUG - Converted retries value: 3 -> Retry(total=3, connect=None, read=None, redirect=0, status=None)
2022-07-14 12:31:11,859 - DEBUG - https://api.telegram.org:443 "POST /bot5594170891:AAG_N8HeA8Yxv1zlpWD445fKTkNUqsbBNMo/getUpdates HTTP/1.1" 200 23
2022-07-14 12:31:11,961 - DEBUG - Converted retries value: 3 -> Retry(total=3, connect=None, read=None, redirect=0, status=None)
2022-07-14 12:31:32,135 - DEBUG - https://api.telegram.org:443 "POST /bot5594170891:AAG_N8HeA8Yxv1zlpWD445fKTkNUqsbBNMo/getUpdates HTTP/1.1" 200 23
2022-07-14 12:31:32,236 - DEBUG - Converted retries value: 3 -> Retry(total=3, connect=None, read=None, redirect=0, status=None)
2022-07-14 12:31:52,410 - DEBUG - https://api.telegram.org:443 "POST /bot5594170891:AAG_N8HeA8Yxv1zlpWD445fKTkNUqsbBNMo/getUpdates HTTP/1.1" 200 23
2022-07-14 12:31:52,512 - DEBUG - Converted retries value: 3 -> Retry(total=3, connect=None, read=None, redirect=0, status=None)
2022-07-14 12:32:12,686 - DEBUG - https://api.telegram.org:443 "POST /bot5594170891:AAG_N8HeA8Yxv1zlpWD445fKTkNUqsbBNMo/getUpdates HTTP/1.1" 200 23
2022-07-14 12:32:12,787 - DEBUG - Converted retries value: 3 -> Retry(total=3, connect=None, read=None, redirect=0, status=None)
2022-07-14 12:32:32,961 - DEBUG - https://api.telegram.org:443 "POST /bot5594170891:AAG_N8HeA8Yxv1zlpWD445fKTkNUqsbBNMo/getUpdates HTTP/1.1" 200 23
2022-07-14 12:32:33,063 - DEBUG - Converted retries value: 3 -> Retry(total=3, connect=None, read=None, redirect=0, status=None)
2022-07-14 12:32:53,236 - DEBUG - https://api.telegram.org:443 "POST /bot5594170891:AAG_N8HeA8Yxv1zlpWD445fKTkNUqsbBNMo/getUpdates HTTP/1.1" 200 23
2022-07-14 12:32:53,338 - DEBUG - Converted retries value: 3 -> Retry(total=3, connect=None, read=None, redirect=0, status=None)
2022-07-14 12:33:13,512 - DEBUG - https://api.telegram.org:443 "POST /bot5594170891:AAG_N8HeA8Yxv1zlpWD445fKTkNUqsbBNMo/getUpdates HTTP/1.1" 200 23
2022-07-14 12:33:13,614 - DEBUG - Converted retries value: 3 -> Retry(total=3, connect=None, read=None, redirect=0, status=None)
2022-07-14 12:33:33,788 - DEBUG - https://api.telegram.org:443 "POST /bot5594170891:AAG_N8HeA8Yxv1zlpWD445fKTkNUqsbBNMo/getUpdates HTTP/1.1" 200 23
2022-07-14 12:33:33,889 - DEBUG - Converted retries value: 3 -> Retry(total=3, connect=None, read=None, redirect=0, status=None)
2022-07-14 12:33:54,063 - DEBUG - https://api.telegram.org:443 "POST /bot5594170891:AAG_N8HeA8Yxv1zlpWD445fKTkNUqsbBNMo/getUpdates HTTP/1.1" 200 23
2022-07-14 12:33:54,164 - DEBUG - Converted retries value: 3 -> Retry(total=3, connect=None, read=None, redirect=0, status=None)
2022-07-14 12:34:14,339 - DEBUG - https://api.telegram.org:443 "POST /bot5594170891:AAG_N8HeA8Yxv1zlpWD445fKTkNUqsbBNMo/getUpdates HTTP/1.1" 200 23
2022-07-14 12:34:14,440 - DEBUG - Converted retries value: 3 -> Retry(total=3, connect=None, read=None, redirect=0, status=None)
2022-07-14 12:34:34,615 - DEBUG - https://api.telegram.org:443 "POST /bot5594170891:AAG_N8HeA8Yxv1zlpWD445fKTkNUqsbBNMo/getUpdates HTTP/1.1" 200 23
2022-07-14 12:34:34,716 - DEBUG - Converted retries value: 3 -> Retry(total=3, connect=None, read=None, redirect=0, status=None)
2022-07-14 12:34:54,889 - DEBUG - https://api.telegram.org:443 "POST /bot5594170891:AAG_N8HeA8Yxv1zlpWD445fKTkNUqsbBNMo/getUpdates HTTP/1.1" 200 23
2022-07-14 12:34:54,990 - DEBUG - Converted retries value: 3 -> Retry(total=3, connect=None, read=None, redirect=0, status=None)
2022-07-14 12:35:15,166 - DEBUG - https://api.telegram.org:443 "POST /bot5594170891:AAG_N8HeA8Yxv1zlpWD445fKTkNUqsbBNMo/getUpdates HTTP/1.1" 200 23
2022-07-14 12:35:15,267 - DEBUG - Converted retries value: 3 -> Retry(total=3, connect=None, read=None, redirect=0, status=None)
2022-07-14 12:35:35,362 - DEBUG - https://api.telegram.org:443 "POST /bot5594170891:AAG_N8HeA8Yxv1zlpWD445fKTkNUqsbBNMo/getUpdates HTTP/1.1" 200 23
2022-07-14 12:35:35,463 - DEBUG - Converted retries value: 3 -> Retry(total=3, connect=None, read=None, redirect=0, status=None)
2022-07-14 12:35:55,553 - DEBUG - https://api.telegram.org:443 "POST /bot5594170891:AAG_N8HeA8Yxv1zlpWD445fKTkNUqsbBNMo/getUpdates HTTP/1.1" 200 23
2022-07-14 12:35:55,653 - DEBUG - Converted retries value: 3 -> Retry(total=3, connect=None, read=None, redirect=0, status=None)
2022-07-14 12:36:15,889 - DEBUG - https://api.telegram.org:443 "POST /bot5594170891:AAG_N8HeA8Yxv1zlpWD445fKTkNUqsbBNMo/getUpdates HTTP/1.1" 200 23
2022-07-14 12:36:15,990 - DEBUG - Converted retries value: 3 -> Retry(total=3, connect=None, read=None, redirect=0, status=None)
2022-07-14 12:36:36,080 - DEBUG - https://api.telegram.org:443 "POST /bot5594170891:AAG_N8HeA8Yxv1zlpWD445fKTkNUqsbBNMo/getUpdates HTTP/1.1" 200 23
2022-07-14 12:36:36,182 - DEBUG - Converted retries value: 3 -> Retry(total=3, connect=None, read=None, redirect=0, status=None)
2022-07-14 12:36:56,273 - DEBUG - https://api.telegram.org:443 "POST /bot5594170891:AAG_N8HeA8Yxv1zlpWD445fKTkNUqsbBNMo/getUpdates HTTP/1.1" 200 23
2022-07-14 12:36:56,375 - DEBUG - Converted retries value: 3 -> Retry(total=3, connect=None, read=None, redirect=0, status=None)
2022-07-14 12:37:16,512 - DEBUG - https://api.telegram.org:443 "POST /bot5594170891:AAG_N8HeA8Yxv1zlpWD445fKTkNUqsbBNMo/getUpdates HTTP/1.1" 200 23
2022-07-14 12:37:16,613 - DEBUG - Converted retries value: 3 -> Retry(total=3, connect=None, read=None, redirect=0, status=None)
2022-07-14 12:37:36,786 - DEBUG - https://api.telegram.org:443 "POST /bot5594170891:AAG_N8HeA8Yxv1zlpWD445fKTkNUqsbBNMo/getUpdates HTTP/1.1" 200 23
2022-07-14 12:37:36,887 - DEBUG - Converted retries value: 3 -> Retry(total=3, connect=None, read=None, redirect=0, status=None)
2022-07-14 12:37:57,062 - DEBUG - https://api.telegram.org:443 "POST /bot5594170891:AAG_N8HeA8Yxv1zlpWD445fKTkNUqsbBNMo/getUpdates HTTP/1.1" 200 23
2022-07-14 12:37:57,163 - DEBUG - Converted retries value: 3 -> Retry(total=3, connect=None, read=None, redirect=0, status=None)
2022-07-14 12:38:17,337 - DEBUG - https://api.telegram.org:443 "POST /bot5594170891:AAG_N8HeA8Yxv1zlpWD445fKTkNUqsbBNMo/getUpdates HTTP/1.1" 200 23
2022-07-14 12:38:17,439 - DEBUG - Converted retries value: 3 -> Retry(total=3, connect=None, read=None, redirect=0, status=None)
